[search_hmm] runtime: PF00128 HMM 0.26
[search_hmm] runtime: PF02806 HMM 0.01
hmmsearch -T 0 --domE 1 --cpu 1 --domtblout /var/www/html/MetaCLADE_webserver/jobs/FWtcucWSRUI_20210424/temp/PF02806.ccms.domtblout /home/blachon/Documents/Tools/MetaCLADE_models/models/CCMs/PF02806.hmm.gz /var/www/html/MetaCLADE_webserver/jobs/FWtcucWSRUI_20210424/data.fa
V4A9W4_LOTGI_399-483
W5K327_ASTMX_429-514
A0A0N0N054_9ACTN_395-468
E0IC06_9BACL_441-521
K7J0Z1_NASVI_430-515
B0W4Y1_CULQU_421-506
F4H2U5_CELFA_418-496
L8WM52_THACA_365-450
C3ZA01_BRAFL_413-499
A0A0F4PHD2_9GAMM_388-471
K1QM72_CRAGI_371-456
A0A067PTN6_9HOMO_510-591
A0A089XIK3_STRGA_398-482
A0A059W777_STRA9_388-468
W4ZF53_STRPU_790-875
D2QA35_BIFDB_413-490
B0WEI9_CULQU_408-494
A9AVU7_HERA2_401-482
B4JWN1_DROGR_400-487
L8WJA6_THACA_359-441
E2LWI6_MONPE_173-259
A0A0N4UIR3_DRAME_419-493
D6W969_TRICA_79-162
W4Y5J3_STRPU_156-263
W5JPZ1_ANODA_703-785
G6CLF1_DANPL_411-505
A0A0M2Q1R0_PROHO_77-150
A0A0N5DIX9_TRIMR_317-399
W5JJ50_ANODA_416-501
U5VYV8_9ACTN_403-484
D7B0G7_NOCDD_432-505
A0A0N4VEB0_ENTVE_423-503
W4Z2M1_STRPU_380-461
D2AZU8_STRRD_420-503
A0A0N5BFI5_STREA_433-517
A0A0F5VG88_9GAMM_374-459
S7RKD8_GLOTA_421-502
Q16YQ9_AEDAE_408-495
A0A0F4P6W6_PSEO7_387-470
A0A0H4CG94_9ACTN_381-454
H2Z2M5_CIOSA_417-501
B0WCV7_CULQU_411-496
A0A0A7EN36_9GAMM_386-471
L8WS72_THACA_15-95
A0A067LUS3_9HOMO_394-475
A0A0M2RUR6_9ACTN_384-468
D6W959_TRICA_405-488
W4Y9R1_STRPU_390-473
B0XDY1_CULQU_447-530
E3D9B7_GARV3_428-505
A0A0N0XIC4_9NEIS_486-569
D6W964_TRICA_379-462
A0A060S3R1_PYCCI_445-525
H3F300_PRIPA_466-546
C0MDI4_STRS7_440-520
C0MDI4_STRS7_440-520
E2AS66_CAMFO_16-101
A0A067PTB3_9HOMO_388-469
/var/www/html/MetaCLADE_webserver/jobs/FWtcucWSRUI_20210424/temp/PF02806.ccms.domtblout
[search_ccms_all] runtime: PF02806 CCMs 0.90
[search_hmm] runtime: PF00875 HMM 0.01
hmmsearch -T 0 --domE 1 --cpu 1 --domtblout /var/www/html/MetaCLADE_webserver/jobs/FWtcucWSRUI_20210424/temp/PF00875.ccms.domtblout /home/blachon/Documents/Tools/MetaCLADE_models/models/CCMs/PF00875.hmm.gz /var/www/html/MetaCLADE_webserver/jobs/FWtcucWSRUI_20210424/data.fa
F2U6L6_SALR5_7-174
F2U6L6_SALR5_7-174
F2U6L6_SALR5_7-174
F2U6L6_SALR5_7-174
Q2N9Z0_ERYLH_5-164
Q2N9Z0_ERYLH_5-164
Q2N9Z0_ERYLH_5-164
F4L528_HALH1_7-178
F4L528_HALH1_7-178
F4L528_HALH1_7-178
G3J615_CORMM_7-210
G3J615_CORMM_7-210
G3J615_CORMM_7-210
A4XR72_PSEMY_3-178
A4XR72_PSEMY_3-178
D8IRP6_HERSS_7-182
D8IRP6_HERSS_7-182
A0A0A0LEG3_CUCSA_94-288
A0A0A0LEG3_CUCSA_94-288
Q12KA9_SHEDO_17-190
Q12KA9_SHEDO_17-190
A0A074WAC2_9PEZI_113-290
A0A074WAC2_9PEZI_113-290
M4ARQ7_XIPMA_5-170
M4ARQ7_XIPMA_5-170
M4ARQ7_XIPMA_5-170
M4ARQ7_XIPMA_5-170
A4G8M2_HERAR_7-173
A4G8M2_HERAR_7-173
A0A0N1H2U2_9EURO_106-283
A0A0N1H2U2_9EURO_106-283
H0EUY5_GLAL7_11-207
H0EUY5_GLAL7_11-207
A5K9M1_PLAVS_493-665
A5K9M1_PLAVS_493-665
A0A067QC20_9HOMO_77-259
A0A067QC20_9HOMO_77-259
A0A067QC20_9HOMO_77-259
M4BD40_HYAAE_3-185
M4BD40_HYAAE_3-185
M4BD40_HYAAE_3-185
C4K925_THASP_6-173
C4K925_THASP_6-173
A0A059CW56_EUCGR_27-234
A0A059CW56_EUCGR_27-234
F4H796_CELFA_3-165
F4H796_CELFA_3-165
F2LCU3_BURGS_10-173
F2LCU3_BURGS_10-173
F2LCU3_BURGS_10-173
W5WQU4_9CORY_1-172
W5WQU4_9CORY_1-172
C1MT40_MICPC_2-176
C1MT40_MICPC_2-176
D2QBC1_SPILD_6-176
D2QBC1_SPILD_6-176
I0RUJ5_MYCPH_3-160
I0RUJ5_MYCPH_3-160
R9ALD7_WALI9_5-174
R9ALD7_WALI9_5-174
R9ALD7_WALI9_5-174
R9ALD7_WALI9_5-174
Q3IP40_NATPD_2-163
Q3IP40_NATPD_2-163
C5KJB3_PERM5_27-192
C5KJB3_PERM5_27-192
A0A022Q6F1_ERYGU_49-225
A0A022Q6F1_ERYGU_49-225
Q0YV00_9CHLB_20-186
Q0YV00_9CHLB_20-186
L7LDS3_9ACTN_5-162
L7LDS3_9ACTN_5-162
D0CS61_RUELI_8-169
D0CS61_RUELI_8-169
D0CS61_RUELI_8-169
H2ASX8_KAZAF_95-283
H2ASX8_KAZAF_95-283
E4ZNI6_LEPMJ_309-549
E4ZNI6_LEPMJ_309-549
E4ZNI6_LEPMJ_309-549
K1PMJ9_CRAGI_700-864
K1PMJ9_CRAGI_700-864
K1PMJ9_CRAGI_700-864
A2U0A3_9FLAO_9-139
A2U0A3_9FLAO_9-139
E6ZVN9_SPORE_121-308
E6ZVN9_SPORE_121-308
D8SD85_SELML_8-174
D8SD85_SELML_8-174
B4F9R2_MAIZE_28-200
B4F9R2_MAIZE_28-200
S9VU47_9TRYP_30-205
S9VU47_9TRYP_30-205
A6T6E1_KLEP7_4-178
A6T6E1_KLEP7_4-178
S2D9J8_9BACT_4-175
S2D9J8_9BACT_4-175
Q08QW0_STIAD_25-187
Q08QW0_STIAD_25-187
Q08QW0_STIAD_25-187
Q5IFN2_OSTTA_6-195
Q5IFN2_OSTTA_6-195
Q167G7_ROSDO_6-167
Q167G7_ROSDO_6-167
T0RLP3_9STRA_31-205
T0RLP3_9STRA_31-205
T0RLP3_9STRA_31-205
D3SFV5_THISK_5-171
D3SFV5_THISK_5-171
D3SFV5_THISK_5-171
A3HW85_9BACT_5-171
A3HW85_9BACT_5-171
F9X854_ZYMTI_3-210
F9X854_ZYMTI_3-210
A0A098DEC3_GIBZA_7-205
A0A098DEC3_GIBZA_7-205
A0A077EHI0_9FLAO_6-172
A0A077EHI0_9FLAO_6-172
Q6CSJ7_KLULA_72-175
Q6CSJ7_KLULA_72-175
D8S4N3_SELML_22-193
D8S4N3_SELML_22-193
A0YEF0_9GAMM_1-161
A0YEF0_9GAMM_1-161
D8S8F7_SELML_2-179
D8S8F7_SELML_2-179
D8S8F7_SELML_2-179
Q9Q8H4_MYXVL_20-186
Q9Q8H4_MYXVL_20-186
R1DXK6_EMIHU_4-178
R1DXK6_EMIHU_4-178
A0A067C7D3_SAPPC_31-199
A0A067C7D3_SAPPC_31-199
A0A067C7D3_SAPPC_31-199
A0YDZ0_9GAMM_25-170
A0YDZ0_9GAMM_25-170
W4Y1N8_STRPU_67-243
W4Y1N8_STRPU_67-243
A0A097EC83_9SPHN_5-165
A0A097EC83_9SPHN_5-165
A0A097EC83_9SPHN_5-165
C6XWZ8_PEDHD_6-173
C6XWZ8_PEDHD_6-173
D2ZV40_NEIMU_59-221
D2ZV40_NEIMU_59-221
E6VUF5_DESAO_21-186
E6VUF5_DESAO_21-186
A0A074S6C6_9HOMO_7-176
A0A074S6C6_9HOMO_7-176
A0A074S6C6_9HOMO_7-176
A0A074S6C6_9HOMO_7-176
H9JC95_BOMMO_5-171
H9JC95_BOMMO_5-171
H9JC95_BOMMO_5-171
G8QBW0_PSEFL_2-175
G8QBW0_PSEFL_2-175
A0A0D2RNW5_GOSRA_34-200
A0A0D2RNW5_GOSRA_34-200
A0A0D2RNW5_GOSRA_34-200
A0A0A8DYS2_9XANT_4-175
A0A0A8DYS2_9XANT_4-175
F9WZJ1_ZYMTI_94-274
F9WZJ1_ZYMTI_94-274
I0JS94_HALH3_4-168
I0JS94_HALH3_4-168
A0A066WYI7_COLSU_7-217
A0A066WYI7_COLSU_7-217
A0A066WYI7_COLSU_7-217
A0QVH5_MYCS2_3-165
A0QVH5_MYCS2_3-165
B7K4N3_CYAP8_5-172
B7K4N3_CYAP8_5-172
B7K4N3_CYAP8_5-172
Q2G7H4_NOVAD_5-164
Q2G7H4_NOVAD_5-164
Q2G7H4_NOVAD_5-164
N1JAT4_BLUG1_143-323
N1JAT4_BLUG1_143-323
W9QJI1_9ROSA_7-173
W9QJI1_9ROSA_7-173
W9QJI1_9ROSA_7-173
L7JXN1_TRAHO_19-159
L7JXN1_TRAHO_19-159
L7JXN1_TRAHO_19-159
A0A0L1KMW0_9EUGL_18-190
A0A0L1KMW0_9EUGL_18-190
E3KCQ9_PUCGT_9-224
E3KCQ9_PUCGT_9-224
E3KCQ9_PUCGT_9-224
Q1YU57_9GAMM_5-180
Q1YU57_9GAMM_5-180
A6FVP5_9RHOB_1-137
A6FVP5_9RHOB_1-137
E6WPP1_PSEUU_4-175
E6WPP1_PSEUU_4-175
C5ARG8_METEA_23-187
C5ARG8_METEA_23-187
C5ARG8_METEA_23-187
D8U4Q6_VOLCA_10-216
D8U4Q6_VOLCA_10-216
D6M527_STRSH_4-169
D6M527_STRSH_4-169
D6M527_STRSH_4-169
A1U364_MARHV_3-175
A1U364_MARHV_3-175
A1VSL8_POLNA_1-170
A1VSL8_POLNA_1-170
Q6AFL3_LEIXX_11-176
Q6AFL3_LEIXX_11-176
Q6AFL3_LEIXX_11-176
B9L2H0_THERP_4-166
B9L2H0_THERP_4-166
B9L2H0_THERP_4-166
A4S6J5_OSTLU_28-197
A4S6J5_OSTLU_28-197
A4S6J5_OSTLU_28-197
B9QZ46_LABAD_6-138
B9QZ46_LABAD_6-138
B9QZ46_LABAD_6-138
B9QZ46_LABAD_6-138
E8V3R5_TERSS_34-199
E8V3R5_TERSS_34-199
N9F5H4_ACIHA_6-176
N9F5H4_ACIHA_6-176
B8GR59_THISH_3-168
B8GR59_THISH_3-168
B8GR59_THISH_3-168
A0A0B6TSF4_9CORY_10-180
A0A0B6TSF4_9CORY_10-180
F7NU14_9GAMM_3-142
F7NU14_9GAMM_3-142
F7NU14_9GAMM_3-142
E1Z440_CHLVA_1-162
E1Z440_CHLVA_1-162
Q7PYI7_ANOGA_5-179
Q7PYI7_ANOGA_5-179
Q7PYI7_ANOGA_5-179
H2JTZ3_STRHJ_4-174
H2JTZ3_STRHJ_4-174
H2JTZ3_STRHJ_4-174
G4U6Y5_NEUT9_7-208
G4U6Y5_NEUT9_7-208
B2JAY6_NOSP7_2-150
B2JAY6_NOSP7_2-150
B2JAY6_NOSP7_2-150
E9EUS1_METRA_7-207
E9EUS1_METRA_7-207
H3NWJ1_9GAMM_3-172
H3NWJ1_9GAMM_3-172
A0A074XUA0_AURPU_59-240
A0A074XUA0_AURPU_59-240
A0A0D9YNZ4_9ORYZ_89-289
A0A0D9YNZ4_9ORYZ_89-289
A3U9Y3_CROAH_6-174
A3U9Y3_CROAH_6-174
A0A0N5BW79_STREA_21-178
A0A0N5BW79_STREA_21-178
A0A0N5BW79_STREA_21-178
W9WT49_9EURO_93-271
W9WT49_9EURO_93-271
A0A0D3FIC2_9ORYZ_1-109
A0A0D3FIC2_9ORYZ_1-109
M9MB24_PSEA3_7-177
M9MB24_PSEA3_7-177
A0A0M2HMV4_9MICO_5-171
A0A0M2HMV4_9MICO_5-171
A0A0M2HMV4_9MICO_5-171
B4G7C0_DROPE_8-200
B4G7C0_DROPE_8-200
B4G7C0_DROPE_8-200
G6XJI5_9PROT_11-175
G6XJI5_9PROT_11-175
S9VQJ4_9TRYP_81-252
S9VQJ4_9TRYP_81-252
F4G5T0_ALIDK_4-135
F4G5T0_ALIDK_4-135
F4G5T0_ALIDK_4-135
W5MUC1_LEPOC_8-187
W5MUC1_LEPOC_8-187
W5MUC1_LEPOC_8-187
F2DUN9_HORVD_1-55
F2DUN9_HORVD_1-55
F2DUN9_HORVD_1-55
E3KV24_PUCGT_3-61
E3KV24_PUCGT_3-61
C7D6B6_9RHOB_7-171
C7D6B6_9RHOB_7-171
C7D6B6_9RHOB_7-171
C7D6B6_9RHOB_7-171
A0A0L0BVA4_LUCCU_4-176
A0A0L0BVA4_LUCCU_4-176
A0A0L0BVA4_LUCCU_4-176
Q6AK21_DESPS_27-191
Q6AK21_DESPS_27-191
G8PN35_PSEUV_6-168
G8PN35_PSEUV_6-168
K9SJ75_9CYAN_6-178
K9SJ75_9CYAN_6-178
K9SJ75_9CYAN_6-178
H0EYX7_GLAL7_6-124
H0EYX7_GLAL7_6-124
H0EYX7_GLAL7_6-124
W3WVF7_9PEZI_7-207
W3WVF7_9PEZI_7-207
F2G2A0_ALTMD_6-168
F2G2A0_ALTMD_6-168
Q12TR5_METBU_8-171
Q12TR5_METBU_8-171
H6BY47_EXODN_7-213
H6BY47_EXODN_7-213
H6BY47_EXODN_7-213
H6BY47_EXODN_7-213
I4MYR9_9PSED_2-172
I4MYR9_9PSED_2-172
A0A0F4NR23_9VIBR_2-174
A0A0F4NR23_9VIBR_2-174
A0A067FGZ8_CITSI_47-192
A0A067FGZ8_CITSI_47-192
E4N6I5_KITSK_4-167
E4N6I5_KITSK_4-167
K6ZD64_9ALTE_8-170
K6ZD64_9ALTE_8-170
Q4C7X4_CROWT_47-213
Q4C7X4_CROWT_47-213
Q4C7X4_CROWT_47-213
Q4C7X4_CROWT_47-213
A0A024T9P9_9STRA_7-178
A0A024T9P9_9STRA_7-178
W9YLK5_9EURO_48-237
W9YLK5_9EURO_48-237
C7RK07_ACCPU_4-172
C7RK07_ACCPU_4-172
D8RN75_SELML_63-232
D8RN75_SELML_63-232
G2PDK2_STRVO_4-171
G2PDK2_STRVO_4-171
D8S0Z3_SELML_25-196
D8S0Z3_SELML_25-196
D8S0Z3_SELML_25-196
M7BP00_CHEMY_5-59
M7BP00_CHEMY_5-59
K0SBV5_THAOC_10-185
K0SBV5_THAOC_10-185
K0SBV5_THAOC_10-185
K0SBV5_THAOC_10-185
A0A0J7KYT3_LASNI_6-129
A0A0J7KYT3_LASNI_6-129
A5FNX6_FLAJ1_7-173
A5FNX6_FLAJ1_7-173
U5T5G3_9GAMM_4-138
U5T5G3_9GAMM_4-138
A4RWX3_OSTLU_13-184
A4RWX3_OSTLU_13-184
A4RWX3_OSTLU_13-184
A4RWX3_OSTLU_13-184
A6CY79_9VIBR_32-209
A6CY79_9VIBR_32-209
B0JQ77_MICAN_5-171
B0JQ77_MICAN_5-171
Q4Q4G2_LEIMA_28-207
Q4Q4G2_LEIMA_28-207
A0A0F3KSI9_9NEIS_5-173
A0A0F3KSI9_9NEIS_5-173
A0A0B1PCG1_UNCNE_8-209
A0A0B1PCG1_UNCNE_8-209
E2PW90_STRC2_4-175
E2PW90_STRC2_4-175
E2PW90_STRC2_4-175
D8UF46_VOLCA_16-184
D8UF46_VOLCA_16-184
I0GL48_CALEA_19-179
I0GL48_CALEA_19-179
I0GL48_CALEA_19-179
E3RWN1_PYRTT_48-228
E3RWN1_PYRTT_48-228
Q2TV23_CHICK_5-172
Q2TV23_CHICK_5-172
Q2TV23_CHICK_5-172
R0KB35_SETT2_139-318
R0KB35_SETT2_139-318
Q2NUN2_SODGM_4-176
Q2NUN2_SODGM_4-176
A5GJE7_SYNPW_4-133
A5GJE7_SYNPW_4-133
A5GJE7_SYNPW_4-133
H8XQX2_FLAIG_2-170
H8XQX2_FLAIG_2-170
Q13RY8_BURXL_14-194
Q13RY8_BURXL_14-194
Q73VD3_MYCPA_3-160
Q73VD3_MYCPA_3-160
W9XYF9_9EURO_58-232
W9XYF9_9EURO_58-232
B4SC24_PELPB_20-103
B4SC24_PELPB_20-103
A0A059AU33_EUCGR_6-174
A0A059AU33_EUCGR_6-174
A0A059AU33_EUCGR_6-174
A0A0A2WDQ4_BEABA_4-175
A0A0A2WDQ4_BEABA_4-175
C3Y2F8_BRAFL_9-177
C3Y2F8_BRAFL_9-177
C6XGZ0_LIBAP_10-182
C6XGZ0_LIBAP_10-182
Q3IEV1_PSEHT_4-152
Q3IEV1_PSEHT_4-152
Q5YV78_NOCFA_3-169
Q5YV78_NOCFA_3-169
A0A0N1NZP8_9EURO_48-227
A0A0N1NZP8_9EURO_48-227
C7NYW0_HALMD_2-165
C7NYW0_HALMD_2-165
L8XAW9_THACA_11-74
L8XAW9_THACA_11-74
A6AJP6_VIBCY_2-177
A6AJP6_VIBCY_2-177
A4BYR3_9FLAO_6-173
A4BYR3_9FLAO_6-173
F0VAX5_NEOCL_84-262
F0VAX5_NEOCL_84-262
E6SFH1_INTC7_4-162
E6SFH1_INTC7_4-162
J0DR82_LOALO_24-189
J0DR82_LOALO_24-189
T1HKC6_RHOPR_60-226
T1HKC6_RHOPR_60-226
A0A078AAU7_STYLE_9-170
A0A078AAU7_STYLE_9-170
U4KJY2_9MOLU_21-176
U4KJY2_9MOLU_21-176
G1XTR4_ARTOA_124-300
G1XTR4_ARTOA_124-300
W9QMI2_9ROSA_7-181
W9QMI2_9ROSA_7-181
A0A0L7L2N2_9NEOP_7-175
A0A0L7L2N2_9NEOP_7-175
A0A0L7L2N2_9NEOP_7-175
J3PE05_GAGT3_7-206
J3PE05_GAGT3_7-206
I3Y8Q1_THIV6_5-179
I3Y8Q1_THIV6_5-179
B9LS48_HALLT_2-159
B9LS48_HALLT_2-159
K8GNY4_9CYAN_4-128
K8GNY4_9CYAN_4-128
W9W8G6_9EURO_31-202
W9W8G6_9EURO_31-202
A0A0D1CDQ8_USTMA_29-248
A0A0D1CDQ8_USTMA_29-248
M4BJB8_HYAAE_109-302
M4BJB8_HYAAE_109-302
A0A023NQN3_9GAMM_4-170
A0A023NQN3_9GAMM_4-170
A4H5L0_LEIBR_257-412
A4H5L0_LEIBR_257-412
A4H5L0_LEIBR_257-412
V7AUI5_PHAVU_13-84
V7AUI5_PHAVU_13-84
V7AUI5_PHAVU_13-84
B1XT81_POLNS_4-182
B1XT81_POLNS_4-182
E2L689_MONPE_37-217
E2L689_MONPE_37-217
D0L5N5_GORB4_6-163
D0L5N5_GORB4_6-163
L5LDS5_MYODS_2-134
L5LDS5_MYODS_2-134
W5J3L0_ANODA_108-297
W5J3L0_ANODA_108-297
A0A0M2Y2B6_9SPHI_6-177
A0A0M2Y2B6_9SPHI_6-177
B5HCZ1_STRPR_4-174
B5HCZ1_STRPR_4-174
B5HCZ1_STRPR_4-174
A1U5B0_MARHV_3-134
A1U5B0_MARHV_3-134
Q28R72_JANSC_4-130
Q28R72_JANSC_4-130
A0A0B2VWR0_TOXCA_26-194
A0A0B2VWR0_TOXCA_26-194
D0CPE4_RUELI_39-173
D0CPE4_RUELI_39-173
D0CPE4_RUELI_39-173
A0A0K8LP52_9EURO_92-268
A0A0K8LP52_9EURO_92-268
E8W8B5_STRFA_4-175
E8W8B5_STRFA_4-175
E8W8B5_STRFA_4-175
C4KC96_THASP_4-182
C4KC96_THASP_4-182
A0ZC34_NODSP_5-173
A0ZC34_NODSP_5-173
B4HR84_DROSE_117-283
B4HR84_DROSE_117-283
B4HR84_DROSE_117-283
A0A078AJK6_STYLE_57-231
A0A078AJK6_STYLE_57-231
D2QG57_SPILD_17-87
D2QG57_SPILD_17-87
R1DR21_EMIHU_5-182
R1DR21_EMIHU_5-182
A9V1G3_MONBE_408-573
A9V1G3_MONBE_408-573
A1W6W4_ACISJ_5-182
A1W6W4_ACISJ_5-182
R9AS07_WALI9_94-270
R9AS07_WALI9_94-270
B4F185_PROMH_7-178
B4F185_PROMH_7-178
A6DFN1_9BACT_5-134
A6DFN1_9BACT_5-134
B0SZX3_CAUSK_9-177
B0SZX3_CAUSK_9-177
K7LFK6_SOYBN_48-206
K7LFK6_SOYBN_48-206
D9T5F9_MICAI_6-168
D9T5F9_MICAI_6-168
E3HUS5_ACHXA_3-177
E3HUS5_ACHXA_3-177
D7FPZ3_ECTSI_25-214
D7FPZ3_ECTSI_25-214
D7FPZ3_ECTSI_25-214
Q81BL6_BACCR_5-164
Q81BL6_BACCR_5-164
Q26F23_FLABB_3-191
Q26F23_FLABB_3-191
E4NT25_HALBP_2-164
E4NT25_HALBP_2-164
A0A0F4J2F8_9ACTN_4-173
A0A0F4J2F8_9ACTN_4-173
K1KYH1_9BACT_5-170
K1KYH1_9BACT_5-170
Q0RUF8_FRAAA_4-163
Q0RUF8_FRAAA_4-163
E3QRW6_COLGM_98-278
E3QRW6_COLGM_98-278
S9WSG2_9CETA_348-442
S9WSG2_9CETA_348-442
S9WSG2_9CETA_348-442
S9WSG2_9CETA_348-442
Q11W86_CYTH3_4-181
Q11W86_CYTH3_4-181
R0MC38_NOSB1_17-180
R0MC38_NOSB1_17-180
A0A0F0GM62_NOCAE_5-162
A0A0F0GM62_NOCAE_5-162
F2RK89_STRVP_4-169
F2RK89_STRVP_4-169
F2RK89_STRVP_4-169
Q4YQD7_PLABA_317-486
Q4YQD7_PLABA_317-486
A6AK76_VIBCY_6-177
A6AK76_VIBCY_6-177
A0A0L1JHU3_ASPNO_132-308
A0A0L1JHU3_ASPNO_132-308
Q0FPW3_PELBH_7-168
Q0FPW3_PELBH_7-168
Q0FPW3_PELBH_7-168
N4TEB5_FUSC1_169-238
N4TEB5_FUSC1_169-238
G7XDA0_ASPKW_10-182
G7XDA0_ASPKW_10-182
M3DAF4_SPHMS_99-279
M3DAF4_SPHMS_99-279
V9XJQ0_9NOCA_5-163
V9XJQ0_9NOCA_5-163
F5XEX1_MICPN_1-148
F5XEX1_MICPN_1-148
U5T279_9GAMM_4-169
U5T279_9GAMM_4-169
E7F1Z7_DANRE_5-170
E7F1Z7_DANRE_5-170
E7F1Z7_DANRE_5-170
E7F1Z7_DANRE_5-170
A9BY82_DELAS_8-183
A9BY82_DELAS_8-183
A0A0F5YEE5_9CYAN_6-182
A0A0F5YEE5_9CYAN_6-182
K0P5G0_9BACT_5-168
K0P5G0_9BACT_5-168
Q8PYK9_METMA_21-184
Q8PYK9_METMA_21-184
Q8PYK9_METMA_21-184
F3S630_9PROT_7-167
F3S630_9PROT_7-167
Q9HQ46_HALSA_2-175
Q9HQ46_HALSA_2-175
C6WI45_ACTMD_5-160
C6WI45_ACTMD_5-160
A6ESM8_9BACT_6-171
A6ESM8_9BACT_6-171
Q28QV6_JANSC_3-168
Q28QV6_JANSC_3-168
B0U933_METS4_26-190
B0U933_METS4_26-190
B0U933_METS4_26-190
F0SE04_PSESL_6-176
F0SE04_PSESL_6-176
F5Z7V8_ALTSS_17-188
F5Z7V8_ALTSS_17-188
B8HBP6_ARTCA_8-179
B8HBP6_ARTCA_8-179
B8HBP6_ARTCA_8-179
A0A024TQS7_9STRA_32-195
A0A024TQS7_9STRA_32-195
A0A024TQS7_9STRA_32-195
D3HJ06_LEGLN_4-167
D3HJ06_LEGLN_4-167
Q0BXN5_HYPNA_11-145
Q0BXN5_HYPNA_11-145
A3Z5I7_9SYNE_9-137
A3Z5I7_9SYNE_9-137
A0A074S2T8_9HOMO_6-214
A0A074S2T8_9HOMO_6-214
H2IX73_RAHAC_4-180
H2IX73_RAHAC_4-180
P05066_YEAST_77-263
P05066_YEAST_77-263
D7E970_METEZ_7-172
D7E970_METEZ_7-172
A3JVS8_9RHOB_6-142
A3JVS8_9RHOB_6-142
A6EG10_9SPHI_6-173
A6EG10_9SPHI_6-173
E4U091_SULKY_3-162
E4U091_SULKY_3-162
Q7NMI2_GLOVI_5-170
Q7NMI2_GLOVI_5-170
M4DRN5_BRARP_42-201
M4DRN5_BRARP_42-201
G7Z828_AZOL4_6-179
G7Z828_AZOL4_6-179
C1MZJ3_MICPC_10-178
C1MZJ3_MICPC_10-178
K7VLY6_MAIZE_109-284
K7VLY6_MAIZE_109-284
D9QHX6_BRESC_12-176
D9QHX6_BRESC_12-176
U6KGF9_EIMTE_72-251
U6KGF9_EIMTE_72-251
A0A0K6FTU0_9HOMO_94-273
A0A0K6FTU0_9HOMO_94-273
K9T8L1_9CYAN_6-182
K9T8L1_9CYAN_6-182
C6XUB6_PEDHD_6-176
C6XUB6_PEDHD_6-176
Q4T243_TETNG_5-105
Q4T243_TETNG_5-105
A0A084VSM5_ANOSI_7-181
A0A084VSM5_ANOSI_7-181
A0A084VSM5_ANOSI_7-181
B9QVF6_LABAD_3-164
B9QVF6_LABAD_3-164
I1YIR6_METFJ_5-176
I1YIR6_METFJ_5-176
D4Z1V9_SPHJU_37-196
D4Z1V9_SPHJU_37-196
A0A0F3R637_ORITS_5-172
A0A0F3R637_ORITS_5-172
A0A0L6USD5_9BASI_8-178
A0A0L6USD5_9BASI_8-178
A0A0L6USD5_9BASI_8-178
M4ND67_9GAMM_4-168
M4ND67_9GAMM_4-168
M4ND67_9GAMM_4-168
A0A063BUU3_9HYPO_6-179
A0A063BUU3_9HYPO_6-179
A0A063BUU3_9HYPO_6-179
I7CKB6_NATSJ_2-165
I7CKB6_NATSJ_2-165
A7SSN5_NEMVE_23-189
A7SSN5_NEMVE_23-189
A7SSN5_NEMVE_23-189
A7SSN5_NEMVE_23-189
A3Z306_9SYNE_3-178
A3Z306_9SYNE_3-178
D4C2H5_PRORE_8-181
D4C2H5_PRORE_8-181
D4C2H5_PRORE_8-181
K8Z8X9_9STRA_19-191
K8Z8X9_9STRA_19-191
K8Z8X9_9STRA_19-191
W0ADT0_9SPHN_3-162
W0ADT0_9SPHN_3-162
Q1LJQ8_CUPMC_27-201
Q1LJQ8_CUPMC_27-201
I2FXP0_USTH4_6-216
I2FXP0_USTH4_6-216
A0A096UMD9_WHEAT_171-274
A0A096UMD9_WHEAT_171-274
A0A096UMD9_WHEAT_171-274
N1R6H6_FUSC4_97-173
N1R6H6_FUSC4_97-173
D0NSW0_PHYIT_99-273
D0NSW0_PHYIT_99-273
D0NSW0_PHYIT_99-273
T1KJB2_TETUR_91-263
T1KJB2_TETUR_91-263
A7EIM0_SCLS1_7-208
A7EIM0_SCLS1_7-208
B2U7A6_RALPJ_20-192
B2U7A6_RALPJ_20-192
Q6CSJ7_KLULA_214-297
Q6CSJ7_KLULA_214-297
Q834P4_ENTFA_3-167
Q834P4_ENTFA_3-167
A0A078BCW2_STYLE_72-245
A0A078BCW2_STYLE_72-245
A0A074WMU9_9PEZI_8-216
A0A074WMU9_9PEZI_8-216
M3A4D1_PSEFD_52-229
M3A4D1_PSEFD_52-229
F9XQ32_ZYMTI_69-245
F9XQ32_ZYMTI_69-245
A0A089WSH5_9PSED_2-172
A0A089WSH5_9PSED_2-172
E1V5P2_HALED_4-176
E1V5P2_HALED_4-176
A0A037UQX5_SPIME_2-168
A0A037UQX5_SPIME_2-168
W5FKQ7_WHEAT_41-184
W5FKQ7_WHEAT_41-184
A0A0L6ULH1_9BASI_59-239
A0A0L6ULH1_9BASI_59-239
W4KF15_9HOMO_63-244
W4KF15_9HOMO_63-244
W4KF15_9HOMO_63-244
D2S8X0_GEOOG_4-165
D2S8X0_GEOOG_4-165
M3ZRB6_XIPMA_71-240
M3ZRB6_XIPMA_71-240
Q5BGE3_EMENI_77-254
Q5BGE3_EMENI_77-254
A4VKY7_PSEU5_3-176
A4VKY7_PSEU5_3-176
C6WXZ6_METML_6-175
C6WXZ6_METML_6-175
C4K923_THASP_4-133
C4K923_THASP_4-133
F2A692_RHIET_9-174
F2A692_RHIET_9-174
C0ZMM9_RHOE4_1-156
C0ZMM9_RHOE4_1-156
C0ZMM9_RHOE4_1-156
A0A058ZWV9_EUCGR_51-177
A0A058ZWV9_EUCGR_51-177
D5BUQ3_NITHN_6-172
D5BUQ3_NITHN_6-172
W5HZE6_WHEAT_98-291
W5HZE6_WHEAT_98-291
A8LRM3_DINSH_10-174
A8LRM3_DINSH_10-174
B3RK64_TRIAD_8-173
B3RK64_TRIAD_8-173
D0P348_PHYIT_38-241
C5T542_ACIDE_8-189
C5T542_ACIDE_8-189
E1SFV8_PANVC_4-177
E1SFV8_PANVC_4-177
A0A087H5U7_ARAAL_126-299
A0A087H5U7_ARAAL_126-299
A0A087YL22_POEFO_241-405
A0A087YL22_POEFO_241-405
K2MV21_TRYCR_225-413
K2MV21_TRYCR_225-413
Q7U9N5_SYNPX_6-177
Q7U9N5_SYNPX_6-177
I1FCU4_AMPQE_50-215
I1FCU4_AMPQE_50-215
Q1YIS4_AURMS_10-173
Q1YIS4_AURMS_10-173
D0MTX4_PHYIT_3-174
D0MTX4_PHYIT_3-174
G0G191_AMYMS_7-167
G0G191_AMYMS_7-167
A5GQG9_SYNR3_4-168
A5GQG9_SYNR3_4-168
A0A094GN97_9PEZI_7-238
A0A094GN97_9PEZI_7-238
V6KM54_STRNV_4-175
V6KM54_STRNV_4-175
I0HX03_RUBGI_8-185
I0HX03_RUBGI_8-185
E3RMN1_PYRTT_9-239
E3RMN1_PYRTT_9-239
A4RV87_OSTLU_29-195
A4RV87_OSTLU_29-195
A4RV87_OSTLU_29-195
M2XU09_GALSU_25-186
M2XU09_GALSU_25-186
A0A077KR99_9FLAO_5-172
A0A077KR99_9FLAO_5-172
D8QNP6_SELML_6-173
D8QNP6_SELML_6-173
/var/www/html/MetaCLADE_webserver/jobs/FWtcucWSRUI_20210424/temp/PF00875.ccms.domtblout
[search_ccms_all] runtime: PF00875 CCMs 2.28
[search_hmm] runtime: PF14689 HMM 0.07
hmmsearch -T 0 --domE 1 --cpu 1 --domtblout /var/www/html/MetaCLADE_webserver/jobs/FWtcucWSRUI_20210424/temp/PF14689.ccms.domtblout /home/blachon/Documents/Tools/MetaCLADE_models/models/CCMs/PF14689.hmm.gz /var/www/html/MetaCLADE_webserver/jobs/FWtcucWSRUI_20210424/data.fa
A0A024P2S3_9BACI_315-373
A0A024P2S3_9BACI_315-373
A0A024P2S3_9BACI_315-373
A0A024QF62_9BACI_332-384
A0A024QF62_9BACI_332-384
A0A024QF62_9BACI_332-384
A0A068LV77_BACMT_2-48
A0A068LV77_BACMT_2-48
A0A068LV77_BACMT_2-48
A0A060B5U5_9GAMM_342-401
A0A060B5U5_9GAMM_342-401
A0A060B5U5_9GAMM_342-401
A0A075K6V8_9FIRM_335-396
A0A075K6V8_9FIRM_335-396
A0A075K6V8_9FIRM_335-396
A0A075K6L6_9FIRM_319-379
A0A075K6L6_9FIRM_319-379
A0A075K6L6_9FIRM_319-379
A0A075LK56_9BACI_318-371
A0A075LK56_9BACI_318-371
A0A075LK56_9BACI_318-371
A0A075LGC1_9BACI_319-378
A0A075LGC1_9BACI_319-378
A0A075LGC1_9BACI_319-378
A0A075QXU7_BRELA_323-383
A0A075QXU7_BRELA_323-383
A0A075QXU7_BRELA_323-383
A0A075KEA5_9FIRM_1-60
A0A075KEA5_9FIRM_1-60
A0A075KEA5_9FIRM_1-60
A0A075KEA5_9FIRM_1-60
A0A075KEA5_9FIRM_1-60
A0A086YLY7_9FIRM_73-134
A0A086YLY7_9FIRM_73-134
A0A086YLY7_9FIRM_73-134
A0A086YLY7_9FIRM_73-134
A0A086YLY7_9FIRM_73-134
A0A088T3T5_9MOLU_327-384
A0A088T3T5_9MOLU_327-384
A0A088T3T5_9MOLU_327-384
A0A089KWW8_9BACL_324-383
A0A089KWW8_9BACL_324-383
A0A089KWW8_9BACL_324-383
A0A089LVD9_9BACL_301-361
A0A089LVD9_9BACL_301-361
A0A089LVD9_9BACL_301-361
A0A089ZKE5_9LACO_316-378
A0A089ZKE5_9LACO_316-378
A0A089ZKE5_9LACO_316-378
A0A090II55_9GAMM_327-388
A0A090II55_9GAMM_327-388
A0A090II55_9GAMM_327-388
A0A094WH77_BACAO_316-393
A0A094WH77_BACAO_316-393
A0A094WH77_BACAO_316-393
A0A098ENI5_9BACL_334-387
A0A098ENI5_9BACL_334-387
A0A098ENI5_9BACL_334-387
A0A097QY66_HAFAL_327-387
A0A097QY66_HAFAL_327-387
A0A097QY66_HAFAL_327-387
A0A0A1MAA1_9BACI_334-394
A0A0A1MAA1_9BACI_334-394
A0A0A1MAA1_9BACI_334-394
A0A0A1MWR8_9BACI_318-373
A0A0A1MWR8_9BACI_318-373
A0A0A1MWR8_9BACI_318-373
A0A0A1MQZ2_9BACI_353-414
A0A0A1MQZ2_9BACI_353-414
A0A0A1MQZ2_9BACI_353-414
A0A0A1MRV7_9BACI_320-383
A0A0A1MRV7_9BACI_320-383
A0A0A1MRV7_9BACI_320-383
A0A0A1MRV7_9BACI_320-383
A0A0A7FW16_9CLOT_305-366
A0A0A7FW16_9CLOT_305-366
A0A0A7FW16_9CLOT_305-366
A0A0A7KJS1_9DEIO_321-380
A0A0A7KJS1_9DEIO_321-380
A0A0A7KJS1_9DEIO_321-380
A0A0B4RFS0_9BACL_315-375
A0A0B4RFS0_9BACL_315-375
A0A0B4RFS0_9BACL_315-375
A0A0B1Y6E3_9BACI_320-380
A0A0B1Y6E3_9BACI_320-380
A0A0B1Y6E3_9BACI_320-380
A0A0B5EST9_STRA4_302-364
A0A0B5EST9_STRA4_302-364
A0A0B5EST9_STRA4_302-364
A0A0B6TR80_9CORY_320-370
A0A0B6TR80_9CORY_320-370
A0A0B6TR80_9CORY_320-370
A0A0C2YB98_BACBA_322-383
A0A0C2YB98_BACBA_322-383
A0A0C2YB98_BACBA_322-383
A0A0C5WWJ7_9GAMM_309-369
A0A0C5WWJ7_9GAMM_309-369
A0A0C5WWJ7_9GAMM_309-369
A0A0B7MCZ9_9FIRM_237-298
A0A0B7MCZ9_9FIRM_237-298
A0A0B7MCZ9_9FIRM_237-298
A0A0B7MCZ9_9FIRM_237-298
A0A0B7MCZ9_9FIRM_237-298
A0A0D8I9Y5_9CLOT_322-380
A0A0D8I9Y5_9CLOT_322-380
A0A0D8I9Y5_9CLOT_322-380
A0A0D8IEE1_9CLOT_315-375
A0A0D8IEE1_9CLOT_315-375
A0A0D8IEE1_9CLOT_315-375
A0A0D3VBD5_9BACL_232-292
A0A0D3VBD5_9BACL_232-292
A0A0D3VBD5_9BACL_232-292
A0A0D3VBD5_9BACL_232-292
A0A0D3VBD5_9BACL_232-292
A0A0F0KIG4_9MICO_325-376
A0A0F0KIG4_9MICO_325-376
A0A0F0L282_9MICO_318-378
A0A0F0L282_9MICO_318-378
A0A0F0L282_9MICO_318-378
A0A0D1WDA3_ANEMI_224-283
A0A0D1WDA3_ANEMI_224-283
A0A0D1WDA3_ANEMI_224-283
A0A0D1WDA3_ANEMI_224-283
A0A0D1WDA3_ANEMI_224-283
A0A0D5NLU7_9BACL_233-294
A0A0D5NLU7_9BACL_233-294
A0A0D5NLU7_9BACL_233-294
A0A0D5NLU7_9BACL_233-294
A0A0D5NLU7_9BACL_233-294
A0A0E3GQ62_CLOSL_233-292
A0A0E3GQ62_CLOSL_233-292
A0A0E3GQ62_CLOSL_233-292
A0A0E3GQ62_CLOSL_233-292
A0A0E3GQ62_CLOSL_233-292
A0A0F2NCS5_9FIRM_320-379
A0A0F2NCS5_9FIRM_320-379
A0A0F2NCS5_9FIRM_320-379
A0A0F2NKM3_9DELT_327-378
A0A0F2NKM3_9DELT_327-378
A0A0F2NKM3_9DELT_327-378
A0A0F2SCJ4_9FIRM_315-374
A0A0F2SCJ4_9FIRM_315-374
A0A0F2SCJ4_9FIRM_315-374
A0A0F2SH84_9FIRM_316-371
A0A0F2SH84_9FIRM_316-371
A0A0F2SH84_9FIRM_316-371
A0A0F3RRA6_9LACO_318-378
A0A0F3RRA6_9LACO_318-378
A0A0F3RRA6_9LACO_318-378
A0A0F2PK69_9FIRM_76-137
A0A0F2PK69_9FIRM_76-137
A0A0F2PK69_9FIRM_76-137
A0A0F2PK69_9FIRM_76-137
A0A0F2PK69_9FIRM_76-137
A0A0F2PVV7_9FIRM_67-128
A0A0F2PVV7_9FIRM_67-128
A0A0F2PVV7_9FIRM_67-128
A0A0F2PVV7_9FIRM_67-128
A0A0F2PVV7_9FIRM_67-128
A0A0F4NVU2_PSEO7_327-388
A0A0F4NVU2_PSEO7_327-388
A0A0F4NVU2_PSEO7_327-388
A0A0F7FRH3_9ACTN_320-385
A0A0F7FRH3_9ACTN_320-385
A0A0F7FRH3_9ACTN_320-385
A0A0F5I6Z1_9BACI_315-374
A0A0F5I6Z1_9BACI_315-374
A0A0F5I6Z1_9BACI_315-374
A0A0F7HMQ7_9STAP_320-382
A0A0F7HMQ7_9STAP_320-382
A0A0F7HMQ7_9STAP_320-382
A0A0G3Q940_KLUIN_311-367
A0A0G3Q940_KLUIN_311-367
A0A0G3Q940_KLUIN_311-367
A0A0H4PJ57_9BACI_1-57
A0A0H4PJ57_9BACI_1-57
A0A0H4PJ57_9BACI_1-57
A0A0H4PJ57_9BACI_1-57
A0A0M2PTI5_9BACI_322-382
A0A0M2PTI5_9BACI_322-382
A0A0M2PTI5_9BACI_322-382
A0A0M2SXJ0_9BACI_320-379
A0A0M2SXJ0_9BACI_320-379
A0A0M2SXJ0_9BACI_320-379
A0A0M9YQK1_9ACTN_317-376
A0A0M9YQK1_9ACTN_317-376
A0A0M9YQK1_9ACTN_317-376
A0A0N0ALZ0_9PSEU_316-374
A0A0N0ALZ0_9PSEU_316-374
A0A0N0ALZ0_9PSEU_316-374
A0A0N0N4E7_9ACTN_354-411
A0A0N0N4E7_9ACTN_354-411
A0A0N0N4E7_9ACTN_354-411
A0A0N0T505_9NOCA_304-364
A0A0N0T505_9NOCA_304-364
A0A0N0T505_9NOCA_304-364
A0A0N1K5P6_THEVU_319-372
A0A0N1K5P6_THEVU_319-372
A0A0N1K5P6_THEVU_319-372
A0KHN4_AERHH_310-370
A0KHN4_AERHH_310-370
A0KHN4_AERHH_310-370
A1HPJ9_9FIRM_385-443
A1HPJ9_9FIRM_385-443
A1HPJ9_9FIRM_385-443
A0Q1T5_CLONN_1-57
A0Q1T5_CLONN_1-57
A0Q1T5_CLONN_1-57
A0Q1T5_CLONN_1-57
A0Q1T5_CLONN_1-57
A4FKM4_SACEN_304-359
A4FKM4_SACEN_304-359
A4FKM4_SACEN_304-359
A1R2P5_ARTAT_312-367
A1R2P5_ARTAT_312-367
A1R2P5_ARTAT_312-367
A4BHP2_9GAMM_325-383
A4BHP2_9GAMM_325-383
A4BHP2_9GAMM_325-383
A4VGG3_PSEU5_321-372
A4VGG3_PSEU5_321-372
A6CHK3_9BACI_320-381
A6CHK3_9BACI_320-381
A6CHK3_9BACI_320-381
A6M0I5_CLOB8_316-377
A6M0I5_CLOB8_316-377
A6M0I5_CLOB8_316-377
A5D409_PELTS_1-56
A5D409_PELTS_1-56
A5D409_PELTS_1-56
A5D409_PELTS_1-56
A4XHJ8_CALS8_80-140
A4XHJ8_CALS8_80-140
A4XHJ8_CALS8_80-140
A6TSE9_ALKMQ_322-382
A6TSE9_ALKMQ_322-382
A6TSE9_ALKMQ_322-382
A7GTC1_BACCN_1-57
A7GTC1_BACCN_1-57
A7GTC1_BACCN_1-57
A7GTC1_BACCN_1-57
A7GL41_BACCN_320-381
A7GL41_BACCN_320-381
A7GL41_BACCN_320-381
A7MLZ2_CROS8_318-377
A7MLZ2_CROS8_318-377
A7MLZ2_CROS8_318-377
B0RFP6_CLAMS_353-404
B0RFP6_CLAMS_353-404
A9WRA4_RENSM_207-257
A9WRA4_RENSM_207-257
A9WRA4_RENSM_207-257
A8MLS2_ALKOO_235-296
A8MLS2_ALKOO_235-296
A8MLS2_ALKOO_235-296
A8MLS2_ALKOO_235-296
A8MLS2_ALKOO_235-296
A8MKY2_ALKOO_85-147
A8MKY2_ALKOO_85-147
A8MKY2_ALKOO_85-147
A8MKY2_ALKOO_85-147
A8MKY2_ALKOO_85-147
B1I2Q4_DESAP_239-299
B1I2Q4_DESAP_239-299
B1I2Q4_DESAP_239-299
B1I2Q4_DESAP_239-299
B2GLT9_KOCRD_336-387
B2GLT9_KOCRD_336-387
B2GLT9_KOCRD_336-387
B1I5V9_DESAP_1-55
B1I5V9_DESAP_1-55
B1I5V9_DESAP_1-55
B1I5V9_DESAP_1-55
B1I5V9_DESAP_1-55
B8D0V6_HALOH_110-175
B8D0V6_HALOH_110-175
B8D0V6_HALOH_110-175
B8D0V6_HALOH_110-175
B2A4G8_NATTJ_72-133
B2A4G8_NATTJ_72-133
B2A4G8_NATTJ_72-133
B2A4G8_NATTJ_72-133
B8HFJ8_ARTCA_331-382
B8HFJ8_ARTCA_331-382
C0Z7C5_BREBN_320-378
C0Z7C5_BREBN_320-378
C0Z7C5_BREBN_320-378
C0ZEK0_BREBN_320-378
C0ZEK0_BREBN_320-378
C0ZEK0_BREBN_320-378
C0ZTB9_RHOE4_331-391
C0ZTB9_RHOE4_331-391
C0ZTB9_RHOE4_331-391
C3WFB8_FUSMR_309-360
C3WFB8_FUSMR_309-360
C3WFB8_FUSMR_309-360
B9Y509_9FIRM_131-190
B9Y509_9FIRM_131-190
B9Y509_9FIRM_131-190
B9Y509_9FIRM_131-190
B9Y509_9FIRM_131-190
C1CYN8_DEIDV_331-390
C1CYN8_DEIDV_331-390
C1CYN8_DEIDV_331-390
C1CWC8_DEIDV_329-388
C1CWC8_DEIDV_329-388
C1CWC8_DEIDV_329-388
C4LAH0_TOLAT_321-375
C4LAH0_TOLAT_321-375
C4LAH0_TOLAT_321-375
C5NY99_9BACL_326-387
C5NY99_9BACL_326-387
C5NY99_9BACL_326-387
C7LRL2_DESBD_328-377
C7LRL2_DESBD_328-377
C6D7W0_PAESJ_223-284
C6D7W0_PAESJ_223-284
C6D7W0_PAESJ_223-284
C6D7W0_PAESJ_223-284
C6D7W0_PAESJ_223-284
C8XBI7_NAKMY_328-387
C8XBI7_NAKMY_328-387
C8XBI7_NAKMY_328-387
C9P4G9_VIBME_317-376
C9P4G9_VIBME_317-376
C9P4G9_VIBME_317-376
D1PIR6_9FIRM_325-383
D1PIR6_9FIRM_325-383
D1PIR6_9FIRM_325-383
C8W4Z2_DESAS_270-331
C8W4Z2_DESAS_270-331
C8W4Z2_DESAS_270-331
C8W4Z2_DESAS_270-331
C8W4Z2_DESAS_270-331
D1Y1R2_9BACT_324-378
D1Y1R2_9BACT_324-378
D1Y1R2_9BACT_324-378
C9RAS9_AMMDK_1-56
C9RAS9_AMMDK_1-56
C9RAS9_AMMDK_1-56
C8W5P4_DESAS_1-56
C8W5P4_DESAS_1-56
C8W5P4_DESAS_1-56
D1Y7M0_9BACT_445-503
D1Y7M0_9BACT_445-503
D1Y7M0_9BACT_445-503
D2AVS4_STRRD_318-370
D2AVS4_STRRD_318-370
D2AVS4_STRRD_318-370
D2Z7H5_9BACT_432-488
D2Z7H5_9BACT_432-488
D2Z7H5_9BACT_432-488
D2Z7L8_9BACT_318-377
D2Z7L8_9BACT_318-377
D2Z7L8_9BACT_318-377
D3F6G2_CONWI_193-252
D3F6G2_CONWI_193-252
D3F6G2_CONWI_193-252
D3FS31_BACPE_318-379
D3FS31_BACPE_318-379
D3FS31_BACPE_318-379
D3FWQ1_BACPE_325-386
D3FWQ1_BACPE_325-386
D3FWQ1_BACPE_325-386
D4CKU3_9FIRM_322-377
D4CKU3_9FIRM_322-377
D4CKU3_9FIRM_322-377
D4H2E0_DENA2_326-386
D4H2E0_DENA2_326-386
D4H2E0_DENA2_326-386
D3FYE2_BACPE_326-384
D3FYE2_BACPE_326-384
D3FYE2_BACPE_326-384
D4H813_DENA2_323-379
D4H813_DENA2_323-379
D4H813_DENA2_323-379
D4W3Z3_9FIRM_267-322
D4W3Z3_9FIRM_267-322
D4W3Z3_9FIRM_267-322
D4YKZ5_9MICO_339-394
D4YKZ5_9MICO_339-394
D4YKZ5_9MICO_339-394
D4ZBL5_SHEVD_322-381
D4ZBL5_SHEVD_322-381
D4ZBL5_SHEVD_322-381
D5UWV7_TSUPD_326-378
D5UWV7_TSUPD_326-378
D6XX00_BACIE_1-57
D6XX00_BACIE_1-57
D6XX00_BACIE_1-57
D6XX00_BACIE_1-57
D6KFC9_9ACTN_154-203
D6KFC9_9ACTN_154-203
D6KFC9_9ACTN_154-203
D7B8F0_NOCDD_330-389
D7B8F0_NOCDD_330-389
D7B8F0_NOCDD_330-389
D5DZ78_BACMQ_104-164
D5DZ78_BACMQ_104-164
D5DZ78_BACMQ_104-164
D5DZ78_BACMQ_104-164
D7CNG7_SYNLT_243-302
D7CNG7_SYNLT_243-302
D7CNG7_SYNLT_243-302
D7CNG7_SYNLT_243-302
D7CNG7_SYNLT_243-302
D9S2A5_THEOJ_65-121
D9S2A5_THEOJ_65-121
D9S2A5_THEOJ_65-121
D9S2A5_THEOJ_65-121
E1R7I9_SPISS_312-373
E1R7I9_SPISS_312-373
E1R7I9_SPISS_312-373
E1VUF8_ARTAR_329-383
E1VUF8_ARTAR_329-383
E1VUF8_ARTAR_329-383
E3ECY8_PAEPS_332-391
E3ECY8_PAEPS_332-391
E3ECY8_PAEPS_332-391
E3E9G0_PAEPS_303-362
E3E9G0_PAEPS_303-362
E3E9G0_PAEPS_303-362
E3HDH0_ILYPC_303-358
E3HDH0_ILYPC_303-358
E3HDH0_ILYPC_303-358
E4N5F9_KITSK_313-368
E4N5F9_KITSK_313-368
E4N5F9_KITSK_313-368
E5WPL3_9BACI_318-377
E5WPL3_9BACI_318-377
E5WPL3_9BACI_318-377
E7GJ65_CLOSY_327-384
E7GJ65_CLOSY_327-384
E7GJ65_CLOSY_327-384
E8LCZ1_9FIRM_337-398
E8LCZ1_9FIRM_337-398
E8LCZ1_9FIRM_337-398
E7GI26_CLOSY_318-377
E7GI26_CLOSY_318-377
E7GI26_CLOSY_318-377
F2I6E9_AERUA_315-373
F2I6E9_AERUA_315-373
F2I6E9_AERUA_315-373
E6TT70_BACCJ_69-130
E6TT70_BACCJ_69-130
E6TT70_BACCJ_69-130
E6TT70_BACCJ_69-130
F2K0Q3_MARM1_346-405
F2K0Q3_MARM1_346-405
F2K0Q3_MARM1_346-405
F3Y838_MELPT_328-384
F3Y838_MELPT_328-384
F3Y838_MELPT_328-384
F0SVH1_SYNGF_1-62
F0SVH1_SYNGF_1-62
F0SVH1_SYNGF_1-62
F3ZEF5_9ACTN_315-373
F3ZEF5_9ACTN_315-373
F3ZEF5_9ACTN_315-373
F2JNZ6_CELLD_240-297
F2JNZ6_CELLD_240-297
F2JNZ6_CELLD_240-297
F2JNZ6_CELLD_240-297
F5SEM5_9BACL_337-384
F5SEM5_9BACL_337-384
F5SEM5_9BACL_337-384
F5XMF8_MICPN_327-377
F5XMF8_MICPN_327-377
F4LQX8_TEPAE_71-132
F4LQX8_TEPAE_71-132
F4LQX8_TEPAE_71-132
F4LQX8_TEPAE_71-132
F6ENQ9_AMYSD_314-370
F6ENQ9_AMYSD_314-370
F6ENQ9_AMYSD_314-370
F6CNS2_DESK7_73-134
F6CNS2_DESK7_73-134
F6CNS2_DESK7_73-134
F6CNS2_DESK7_73-134
F6CNS2_DESK7_73-134
F6DSJ2_DESRL_74-135
F6DSJ2_DESRL_74-135
F6DSJ2_DESRL_74-135
F6DSJ2_DESRL_74-135
F7KHM5_9FIRM_224-282
F7KHM5_9FIRM_224-282
F7KHM5_9FIRM_224-282
F7KHM5_9FIRM_224-282
F8E4W6_FLESM_318-378
F8E4W6_FLESM_318-378
F8E4W6_FLESM_318-378
F7NHQ9_9FIRM_1-60
F7NHQ9_9FIRM_1-60
F7NHQ9_9FIRM_1-60
F7NHQ9_9FIRM_1-60
F7NHQ9_9FIRM_1-60
F9DQJ9_9BACL_314-374
F9DQJ9_9BACL_314-374
F9DQJ9_9BACL_314-374
F9DQN0_9BACL_339-393
F9DQN0_9BACL_339-393
F9DQN0_9BACL_339-393
F9DVI1_9BACL_2-58
F9DVI1_9BACL_2-58
F9DVI1_9BACL_2-58
F9DVI1_9BACL_2-58
G0HDR3_CORVD_312-362
G0HDR3_CORVD_312-362
G2FV95_9FIRM_322-382
G2FV95_9FIRM_322-382
G2FV95_9FIRM_322-382
G4KZ55_OSCVS_323-370
G4KZ55_OSCVS_323-370
G4KZ55_OSCVS_323-370
G4KUR0_OSCVS_319-374
G4KUR0_OSCVS_319-374
G4KUR0_OSCVS_319-374
G5K3G8_9STRE_296-357
G5K3G8_9STRE_296-357
G5K3G8_9STRE_296-357
G7V8H5_THELD_317-377
G7V8H5_THELD_317-377
G7V8H5_THELD_317-377
G9YRV6_9FIRM_323-383
G9YRV6_9FIRM_323-383
G9YRV6_9FIRM_323-383
G8RT52_MYCRN_361-411
G8RT52_MYCRN_361-411
G9RXT9_9FIRM_231-291
G9RXT9_9FIRM_231-291
G9RXT9_9FIRM_231-291
G9RXT9_9FIRM_231-291
G9RXT9_9FIRM_231-291
H5TVU7_9ACTN_316-371
H5TVU7_9ACTN_316-371
H5TVU7_9ACTN_316-371
H6RS47_BLASD_314-370
H6RS47_BLASD_314-370
H6RS47_BLASD_314-370
I0JPD0_HALH3_1-56
I0JPD0_HALH3_1-56
I0JPD0_HALH3_1-56
I3VX64_THESW_3-59
I3VX64_THESW_3-59
I0X7S5_9SPIO_322-381
I0X7S5_9SPIO_322-381
I0X7S5_9SPIO_322-381
I1D7U6_9PSEU_333-393
I1D7U6_9PSEU_333-393
I1D7U6_9PSEU_333-393
H6NRG4_9BACL_374-435
H6NRG4_9BACL_374-435
H6NRG4_9BACL_374-435
H6NRG4_9BACL_374-435
I4DAM6_DESAJ_322-377
I4DAM6_DESAJ_322-377
I4DAM6_DESAJ_322-377
I9LH53_9FIRM_321-381
I9LH53_9FIRM_321-381
I9LH53_9FIRM_321-381
J2I5I3_9BACL_4-65
J2I5I3_9BACL_4-65
J2I5I3_9BACL_4-65
J2I5I3_9BACL_4-65
I4DBB9_DESAJ_3-60
I4DBB9_DESAJ_3-60
I4DBB9_DESAJ_3-60
I4DBB9_DESAJ_3-60
I4DBB9_DESAJ_3-60
K0B2Y8_CLOA9_1-62
K0B2Y8_CLOA9_1-62
K0B2Y8_CLOA9_1-62
J7J3P7_DESMD_1-64
J7J3P7_DESMD_1-64
J7J3P7_DESMD_1-64
J7J3P7_DESMD_1-64
J7J3P7_DESMD_1-64
K4L7K4_9FIRM_3-62
K4L7K4_9FIRM_3-62
K4L7K4_9FIRM_3-62
K4L7K4_9FIRM_3-62
K6D759_BACAZ_319-380
K6D759_BACAZ_319-380
K6D759_BACAZ_319-380
K8E1A7_CARML_318-374
K8E1A7_CARML_318-374
K8E1A7_CARML_318-374
K4LHF8_THEPS_75-133
K4LHF8_THEPS_75-133
K4LHF8_THEPS_75-133
K4LHF8_THEPS_75-133
K4LHF8_THEPS_75-133
Q0AUB4_SYNWW_233-293
Q0AUB4_SYNWW_233-293
Q0AUB4_SYNWW_233-293
Q0AUB4_SYNWW_233-293
Q1JWV3_DESAC_330-390
Q1JWV3_DESAC_330-390
Q1JWV3_DESAC_330-390
Q0AWJ3_SYNWW_1-56
Q0AWJ3_SYNWW_1-56
Q0AWJ3_SYNWW_1-56
Q18D79_PEPD6_107-166
Q18D79_PEPD6_107-166
Q18D79_PEPD6_107-166
Q18D79_PEPD6_107-166
Q53VZ5_THET8_48-106
Q53VZ5_THET8_48-106
Q53VZ5_THET8_48-106
Q24UH4_DESHY_79-139
Q24UH4_DESHY_79-139
Q24UH4_DESHY_79-139
Q24UH4_DESHY_79-139
Q5WJK1_BACSK_326-387
Q5WJK1_BACSK_326-387
Q5WJK1_BACSK_326-387
Q65LB2_BACLD_323-382
Q65LB2_BACLD_323-382
Q65LB2_BACLD_323-382
Q6D417_PECAS_318-376
Q6D417_PECAS_318-376
Q6D417_PECAS_318-376
Q6LNJ1_PHOPR_318-378
Q6LNJ1_PHOPR_318-378
Q6LNJ1_PHOPR_318-378
Q7MEQ8_VIBVY_312-370
Q7MEQ8_VIBVY_312-370
Q7MEQ8_VIBVY_312-370
Q81YS3_BACAN_321-378
Q81YS3_BACAN_321-378
Q81YS3_BACAN_321-378
Q8NU71_CORGL_335-391
Q8NU71_CORGL_335-391
Q8NU71_CORGL_335-391
Q894L7_CLOTE_320-379
Q894L7_CLOTE_320-379
Q894L7_CLOTE_320-379
Q8ELH6_OCEIH_314-373
Q8ELH6_OCEIH_314-373
Q8ELH6_OCEIH_314-373
Q9KFT0_BACHD_319-380
Q9KFT0_BACHD_319-380
Q9KFT0_BACHD_319-380
Q9KRN1_VIBCH_318-378
Q9KRN1_VIBCH_318-378
Q9KRN1_VIBCH_318-378
Q9KTU6_VIBCH_339-397
Q9KTU6_VIBCH_339-397
Q9KTU6_VIBCH_339-397
Q892N7_CLOTE_1-57
Q892N7_CLOTE_1-57
Q892N7_CLOTE_1-57
Q892N7_CLOTE_1-57
Q9RC53_BACHD_322-376
Q9RC53_BACHD_322-376
Q9RC53_BACHD_322-376
Q8RC76_CALS4_78-133
Q8RC76_CALS4_78-133
Q8RC76_CALS4_78-133
Q8RC76_CALS4_78-133
Q8RC76_CALS4_78-133
R4KFD6_9FIRM_76-136
R4KFD6_9FIRM_76-136
R4KFD6_9FIRM_76-136
R4KFD6_9FIRM_76-136
R4KFD6_9FIRM_76-136
R4KN20_9FIRM_70-130
R4KN20_9FIRM_70-130
R4KN20_9FIRM_70-130
R4KN20_9FIRM_70-130
R4KN20_9FIRM_70-130
R4KP90_9FIRM_240-300
R4KP90_9FIRM_240-300
R4KP90_9FIRM_240-300
R4KP90_9FIRM_240-300
R4KP90_9FIRM_240-300
R5EYX1_9CLOT_8-67
R5EYX1_9CLOT_8-67
R5EYX1_9CLOT_8-67
R5EYX1_9CLOT_8-67
R5RL25_9FIRM_232-291
R5RL25_9FIRM_232-291
R5RL25_9FIRM_232-291
R5RL25_9FIRM_232-291
R6T4K0_9FIRM_321-381
R6T4K0_9FIRM_321-381
R6T4K0_9FIRM_321-381
R6T0H7_9CLOT_16-77
R6T0H7_9CLOT_16-77
R6T0H7_9CLOT_16-77
R6T0H7_9CLOT_16-77
R6T0H7_9CLOT_16-77
R6T0H7_9CLOT_16-77
R6H9J4_9FIRM_203-262
R6H9J4_9FIRM_203-262
R6H9J4_9FIRM_203-262
R6H9J4_9FIRM_203-262
S1RND2_9ENTE_316-375
S1RND2_9ENTE_316-375
S1RND2_9ENTE_316-375
S0K5T9_9ENTE_319-378
S0K5T9_9ENTE_319-378
S0K5T9_9ENTE_319-378
U5L865_9BACI_320-380
U5L865_9BACI_320-380
U5L865_9BACI_320-380
U5RZ95_9CLOT_321-379
U5RZ95_9CLOT_321-379
U5RZ95_9CLOT_321-379
R7HF10_9FIRM_68-129
R7HF10_9FIRM_68-129
R7HF10_9FIRM_68-129
R7HF10_9FIRM_68-129
R7HF10_9FIRM_68-129
V5XCW6_MYCNE_323-382
V5XCW6_MYCNE_323-382
V5XCW6_MYCNE_323-382
W0E620_9FIRM_318-379
W0E620_9FIRM_318-379
W0E620_9FIRM_318-379
U5L8F6_9BACI_226-286
U5L8F6_9BACI_226-286
U5L8F6_9BACI_226-286
U5L8F6_9BACI_226-286
U5L8F6_9BACI_226-286
W1SIL8_9BACI_319-379
W1SIL8_9BACI_319-379
W1SIL8_9BACI_319-379
W5WIB6_9PSEU_314-366
W5WIB6_9PSEU_314-366
W5WIB6_9PSEU_314-366
X2GR59_9BACI_238-300
X2GR59_9BACI_238-300
X2GR59_9BACI_238-300
X2GR59_9BACI_238-300
X2GR59_9BACI_238-300
X2H201_9GAMM_324-384
X2H201_9GAMM_324-384
X2H201_9GAMM_324-384
/var/www/html/MetaCLADE_webserver/jobs/FWtcucWSRUI_20210424/temp/PF14689.ccms.domtblout
[search_ccms_all] runtime: PF14689 CCMs 1.85
[search_hmm] runtime: PF13424 HMM 0.20
hmmsearch -T 0 --domE 1 --cpu 1 --domtblout /var/www/html/MetaCLADE_webserver/jobs/FWtcucWSRUI_20210424/temp/PF13424.ccms.domtblout /home/blachon/Documents/Tools/MetaCLADE_models/models/CCMs/PF13424.hmm.gz /var/www/html/MetaCLADE_webserver/jobs/FWtcucWSRUI_20210424/data.fa
A0A068XHD4_HYMMI_257-306
A0A068XHD4_HYMMI_257-306
A0A068XHD4_HYMMI_257-306
A0A073CMY2_PLAAG_1-65
A0A073CMY2_PLAAG_1-65
A0A073CMY2_PLAAG_1-65
A0A073CMY2_PLAAG_1-65
A0A073CMY2_PLAAG_1-65
A0A066X6P5_COLSU_945-1010
A0A066X6P5_COLSU_945-1010
A0A085N101_9BILA_313-373
A0A085N101_9BILA_313-373
A0A085N101_9BILA_313-373
A0A085N101_9BILA_313-373
A0A074RJT7_9HOMO_724-788
A0A074RJT7_9HOMO_724-788
A0A074RJT7_9HOMO_724-788
A0A067S7J5_9AGAR_203-271
A0A067S7J5_9AGAR_203-271
A0A067S7J5_9AGAR_203-271
A0A063C810_9HYPO_936-1010
A0A063C810_9HYPO_936-1010
A0A063C810_9HYPO_936-1010
A0A063C810_9HYPO_936-1010
A0A059BTH0_EUCGR_199-275
A0A059BTH0_EUCGR_199-275
A0A059BTH0_EUCGR_199-275
A0A078E473_BRANA_178-254
A0A078E473_BRANA_178-254
A0A078E473_BRANA_178-254
A0A078E473_BRANA_178-254
A0A078E473_BRANA_178-254
A0A084QNB7_9HYPO_1026-1105
A0A084QNB7_9HYPO_1026-1105
A0A084QNB7_9HYPO_1026-1105
A0A078FQG4_BRANA_495-567
A0A078FQG4_BRANA_495-567
A0A078FQG4_BRANA_495-567
A0A078FQG4_BRANA_495-567
A0A078FQG4_BRANA_495-567
A0A078FQG4_BRANA_495-567
A0A078FQG4_BRANA_495-567
A0A067CX27_SAPPC_98-155
A0A067CX27_SAPPC_98-155
A0A067CX27_SAPPC_98-155
A0A067CX27_SAPPC_98-155
A0A067T656_9AGAR_250-326
A0A067T656_9AGAR_250-326
A0A084W731_ANOSI_917-990
A0A084W731_ANOSI_917-990
A0A084W731_ANOSI_917-990
A0A084W731_ANOSI_917-990
A0A088AH84_APIME_680-753
A0A088AH84_APIME_680-753
A0A088AH84_APIME_680-753
A0A088AH84_APIME_680-753
A0A088AH84_APIME_680-753
A0A085N121_9BILA_338-414
A0A085N121_9BILA_338-414
A0A085N121_9BILA_338-414
A0A085N121_9BILA_338-414
A0A094AIF6_9PEZI_860-930
A0A093YYL5_9PEZI_163-239
A0A093YYL5_9PEZI_163-239
A0A093YYL5_9PEZI_163-239
A0A093YYL5_9PEZI_163-239
A0A093ZGH1_9PEZI_637-713
A0A093ZGH1_9PEZI_637-713
A0A093ZGH1_9PEZI_637-713
A0A093ZGH1_9PEZI_637-713
A0A094DAF0_9PEZI_2395-2471
A0A094DAF0_9PEZI_2395-2471
A0A094DAF0_9PEZI_2395-2471
A0A078HGN2_BRANA_842-915
A0A078HGN2_BRANA_842-915
A0A078HGN2_BRANA_842-915
A0A078HGN2_BRANA_842-915
A0A078HGN2_BRANA_842-915
A0A094DXI0_9PEZI_334-400
A0A094DXI0_9PEZI_334-400
A0A094DXI0_9PEZI_334-400
A0A094DXI0_9PEZI_334-400
A0A094ARE1_9PEZI_932-1008
A0A094ARE1_9PEZI_932-1008
A0A094ARE1_9PEZI_932-1008
A0A094ARE1_9PEZI_932-1008
A0A094ARE1_9PEZI_932-1008
A0A094E701_9PEZI_755-832
A0A094E701_9PEZI_755-832
A0A094E701_9PEZI_755-832
A0A094E701_9PEZI_755-832
A0A087G1J6_ARAAL_142-217
A0A087G1J6_ARAAL_142-217
A0A087G1J6_ARAAL_142-217
A0A087G1J6_ARAAL_142-217
A0A087G1J6_ARAAL_142-217
A0A094E5V3_9PEZI_884-955
A0A094E5V3_9PEZI_884-955
A0A094E5V3_9PEZI_884-955
A0A094E5V3_9PEZI_884-955
A0A094E5V3_9PEZI_884-955
A0A094DZ66_9PEZI_120-196
A0A094DZ66_9PEZI_120-196
A0A094AM83_9PEZI_1148-1221
A0A094AM83_9PEZI_1148-1221
A0A094AM83_9PEZI_1148-1221
A0A094F3T7_9PEZI_765-837
A0A094F3T7_9PEZI_765-837
A0A094F3T7_9PEZI_765-837
A0A094F3T7_9PEZI_765-837
A0A094E701_9PEZI_840-916
A0A094E701_9PEZI_840-916
A0A094E701_9PEZI_840-916
A0A094E701_9PEZI_840-916
A0A094HNK5_9PEZI_833-905
A0A094HNK5_9PEZI_833-905
A0A094HNK5_9PEZI_833-905
A0A094HNK5_9PEZI_833-905
A0A094GQ48_9PEZI_1659-1738
A0A094GQ48_9PEZI_1659-1738
A0A094GQ48_9PEZI_1659-1738
A0A094GQ48_9PEZI_1659-1738
A0A094FR41_9PEZI_169-244
A0A094FR41_9PEZI_169-244
A0A094GHI2_9PEZI_80-156
A0A094IDI0_9PEZI_937-1015
A0A094IDI0_9PEZI_937-1015
A0A098DQ72_GIBZA_940-1015
A0A0D3C3E0_BRAOL_245-322
A0A0D3C3E0_BRAOL_245-322
A0A0D3C3E0_BRAOL_245-322
A0A0D3C3E0_BRAOL_245-322
A0A0D3C3E0_BRAOL_245-322
A0A0B0MR97_GOSAR_367-445
A0A0B0MR97_GOSAR_367-445
A0A0B0MR97_GOSAR_367-445
A0A0B0MR97_GOSAR_367-445
A0A0B0MR97_GOSAR_367-445
A0A0D9VPL2_9ORYZ_198-274
A0A0D9VPL2_9ORYZ_198-274
A0A0D9VPL2_9ORYZ_198-274
A0A0D9VPL2_9ORYZ_198-274
A0A0D9VPL2_9ORYZ_198-274
A0A094GKX4_9PEZI_3601-3677
A0A094GKX4_9PEZI_3601-3677
A0A094GKX4_9PEZI_3601-3677
A0A094GKX4_9PEZI_3601-3677
A0A0A1TCZ8_9HYPO_777-835
A0A0A1TCZ8_9HYPO_777-835
A0A0A1TCZ8_9HYPO_777-835
A0A0D2QVA0_GOSRA_99-173
A0A0D2QVA0_GOSRA_99-173
A0A0D2QVA0_GOSRA_99-173
A0A0D2QVA0_GOSRA_99-173
A0A0D2QVA0_GOSRA_99-173
A0A0D2QVA0_GOSRA_99-173
A0A0D2SR97_GOSRA_462-539
A0A0D2SR97_GOSRA_462-539
A0A0D2SR97_GOSRA_462-539
A0A0D2SR97_GOSRA_462-539
A0A0D2SR97_GOSRA_462-539
A0A0D2SR97_GOSRA_462-539
A0A0A0LRH1_CUCSA_440-516
A0A0A0LRH1_CUCSA_440-516
A0A0A0LRH1_CUCSA_440-516
A0A0A0LRH1_CUCSA_440-516
A0A0A0LRH1_CUCSA_440-516
A0A0E3WSG1_9EURY_811-867
A0A0A0L2G5_CUCSA_449-515
A0A0A0L2G5_CUCSA_449-515
A0A0A0L2G5_CUCSA_449-515
A0A0A0L2G5_CUCSA_449-515
A0A0A0L2G5_CUCSA_449-515
A0A0D3G0V8_9ORYZ_848-941
A0A0D3G0V8_9ORYZ_848-941
A0A0D3G0V8_9ORYZ_848-941
A0A0J9W7M5_FUSO4_533-591
A0A0J9W7M5_FUSO4_533-591
A0A0J9W7M5_FUSO4_533-591
A0A0L1IMS9_ASPNO_159-235
A0A0L1IMS9_ASPNO_159-235
A0A0L1IMS9_ASPNO_159-235
A0A0L1IMS9_ASPNO_159-235
A0A0L1IMS9_ASPNO_159-235
A0A0L1IMS9_ASPNO_159-235
A0A0L1IMS9_ASPNO_159-235
A0A0D9ZIC6_9ORYZ_107-181
A0A0D9ZIC6_9ORYZ_107-181
A0A0D9ZIC6_9ORYZ_107-181
A0A0A1T7Z9_9HYPO_505-583
A0A0A1T7Z9_9HYPO_505-583
A0A0A1T7Z9_9HYPO_505-583
A0A0A1T7Z9_9HYPO_505-583
A0A0K6GAG6_9HOMO_830-899
A0A0K6GAG6_9HOMO_830-899
A0A0L0BXS8_LUCCU_437-511
A0A0L0BXS8_LUCCU_437-511
A0A0L0BXS8_LUCCU_437-511
A0A0L0BXS8_LUCCU_437-511
A0A0L0BXS8_LUCCU_437-511
A0A0J9V235_FUSO4_680-756
A0A0J9V235_FUSO4_680-756
A0A0J9V235_FUSO4_680-756
A0A0J9V235_FUSO4_680-756
A0A0J9V235_FUSO4_680-756
A0A0K6FQ68_9HOMO_1069-1144
A0A0K6FQ68_9HOMO_1069-1144
A0A0K6FQ68_9HOMO_1069-1144
A0A0K6GHH8_9HOMO_1099-1175
A0A0K6GHH8_9HOMO_1099-1175
A0A0K6GHH8_9HOMO_1099-1175
A0A0K6GHH8_9HOMO_1099-1175
A0A0K6GHH8_9HOMO_1099-1175
A0A0L1JEB4_ASPNO_549-625
A0A0L1JEB4_ASPNO_549-625
A0A0L1JEB4_ASPNO_549-625
A0A0L1JEB4_ASPNO_549-625
A0A0J9VSJ6_FUSO4_797-864
A0A0J9VSJ6_FUSO4_797-864
A0A0J9VSJ6_FUSO4_797-864
A0A0J9VSJ6_FUSO4_797-864
A0A0J9VSJ6_FUSO4_797-864
A0A0M2Q0N6_PROHO_189-263
A0A0M2Q0N6_PROHO_189-263
A0A0M2Q0N6_PROHO_189-263
A0A0M2Q0N6_PROHO_189-263
A0A0M0K4P2_9EUKA_360-423
A0A0M0K4P2_9EUKA_360-423
A0A0L0CD44_LUCCU_208-280
A0A0L0CD44_LUCCU_208-280
A0A0L0CD44_LUCCU_208-280
A0A0L0CD44_LUCCU_208-280
A0A0M0JA02_9EUKA_608-684
A0A0M0JA02_9EUKA_608-684
A0A0K9P1I6_ZOSMR_1-86
A0A0K9P1I6_ZOSMR_1-86
A0A0K9P1I6_ZOSMR_1-86
A0A0N5ABJ5_9BILA_197-268
A0A0N5ABJ5_9BILA_197-268
A0A0N5ABJ5_9BILA_197-268
A0A0N5ABJ5_9BILA_197-268
A0A0M3HEL6_DANRE_567-646
A0A0M3HEL6_DANRE_567-646
A0A0M3HEL6_DANRE_567-646
A0A0M3HEL6_DANRE_567-646
A0A0M3HEL6_DANRE_567-646
A0A0M3HEL6_DANRE_567-646
A0A0M3HEL6_DANRE_567-646
A0A0N5AKE9_9BILA_157-222
A0A0N5AKE9_9BILA_157-222
A0A0N5AKE9_9BILA_157-222
A0A0N5AKE9_9BILA_157-222
A0A0K9P505_ZOSMR_486-555
A0A0K9P505_ZOSMR_486-555
A0A0K9P505_ZOSMR_486-555
A0A0K9P505_ZOSMR_486-555
A0A0K9P505_ZOSMR_486-555
A0A0K9P505_ZOSMR_486-555
A0A0L7LKI4_9NEOP_342-416
A0A0L7LKI4_9NEOP_342-416
A0A0L7LKI4_9NEOP_342-416
A0A0L7LKI4_9NEOP_342-416
A0A0L7LKI4_9NEOP_342-416
A0A0N5AP32_9BILA_332-400
A0A0N5AP32_9BILA_332-400
A0A0N5AP32_9BILA_332-400
A0A0N5AP32_9BILA_332-400
A0A0N5AP32_9BILA_332-400
A0A0M9GA43_9TRYP_69-141
A0A0M9GA43_9TRYP_69-141
A0A0M9GA43_9TRYP_69-141
A0A0M9GA43_9TRYP_69-141
A0A0M9GA43_9TRYP_69-141
A5GQJ6_SYNR3_34-104
A5GQJ6_SYNR3_34-104
A5GQJ6_SYNR3_34-104
A5GQJ6_SYNR3_34-104
A5GQJ6_SYNR3_34-104
A5GQJ6_SYNR3_34-104
A0YZ61_LYNSP_128-202
A0YZ61_LYNSP_128-202
A0YZ61_LYNSP_128-202
A0YZ61_LYNSP_128-202
A0YZ61_LYNSP_128-202
A7S2Q9_NEMVE_289-364
A7S2Q9_NEMVE_289-364
A7SFC9_NEMVE_1091-1180
A7SFC9_NEMVE_1091-1180
A7RSS2_NEMVE_228-293
A7RSS2_NEMVE_228-293
A7RSS2_NEMVE_228-293
A7RSS2_NEMVE_228-293
A7SY24_NEMVE_67-140
A7SY24_NEMVE_67-140
A7SY24_NEMVE_67-140
A7SY24_NEMVE_67-140
A0A0N5AP32_9BILA_299-366
A0A0N5AP32_9BILA_299-366
A0A0N5AP32_9BILA_299-366
A0A0N5AP32_9BILA_299-366
A0A0N5AP32_9BILA_299-366
A0A0N5D8C3_THECL_1165-1241
A0A0N5D8C3_THECL_1165-1241
A0A0N5D8C3_THECL_1165-1241
A0A0N5D8C3_THECL_1165-1241
A0A0N5D8C3_THECL_1165-1241
A0A0N5D8C3_THECL_1165-1241
A2XCK2_ORYSI_440-512
A2XCK2_ORYSI_440-512
A2XCK2_ORYSI_440-512
A2XCK2_ORYSI_440-512
A1CJZ9_ASPCL_674-750
A1CJZ9_ASPCL_674-750
A1CJZ9_ASPCL_674-750
A1CJZ9_ASPCL_674-750
A1CJZ9_ASPCL_674-750
A1CJZ9_ASPCL_674-750
A7SRJ7_NEMVE_306-380
A7SRJ7_NEMVE_306-380
A7SRJ7_NEMVE_306-380
A7SRJ7_NEMVE_306-380
A9V0N8_MONBE_436-497
A9V0N8_MONBE_436-497
A9V0N8_MONBE_436-497
A9UPY2_MONBE_30-106
A9UPY2_MONBE_30-106
A9UPY2_MONBE_30-106
A9UPY2_MONBE_30-106
A9UPY2_MONBE_30-106
A9B8W3_HERA2_871-942
A9B8W3_HERA2_871-942
A9B8W3_HERA2_871-942
A9B8W3_HERA2_871-942
A9B8W3_HERA2_871-942
A9B8W3_HERA2_871-942
A7T5K1_NEMVE_670-743
A7T5K1_NEMVE_670-743
A7T5K1_NEMVE_670-743
A7T5K1_NEMVE_670-743
A7T5K1_NEMVE_670-743
A9V120_MONBE_121-197
A7T035_NEMVE_18-93
A7T035_NEMVE_18-93
A7T035_NEMVE_18-93
A7T035_NEMVE_18-93
A7T035_NEMVE_18-93
A7T035_NEMVE_18-93
B2J3X4_NOSP7_357-431
B2J3X4_NOSP7_357-431
B2J3X4_NOSP7_357-431
B0JFU6_MICAN_932-1006
B0JFU6_MICAN_932-1006
B0JFU6_MICAN_932-1006
B0JFU6_MICAN_932-1006
B0JFU6_MICAN_932-1006
B1WVK2_CYAA5_72-140
B1WVK2_CYAA5_72-140
B1WVK2_CYAA5_72-140
B1WVK2_CYAA5_72-140
B1WVK2_CYAA5_72-140
B2IUR1_NOSP7_1443-1517
B2IUR1_NOSP7_1443-1517
B2IUR1_NOSP7_1443-1517
B2IUR1_NOSP7_1443-1517
B2IWV6_NOSP7_630-697
B2IWV6_NOSP7_630-697
B2IWV6_NOSP7_630-697
B3QVB3_CHLT3_308-384
B3QVB3_CHLT3_308-384
B3QVB3_CHLT3_308-384
B3QVB3_CHLT3_308-384
B3QVB3_CHLT3_308-384
B2J931_NOSP7_901-975
B2J931_NOSP7_901-975
B2J931_NOSP7_901-975
B3RMV7_TRIAD_342-418
B3RMV7_TRIAD_342-418
B3RMV7_TRIAD_342-418
B2WPJ1_PYRTR_511-587
B3RMQ4_TRIAD_369-418
B3RMQ4_TRIAD_369-418
B3RX35_TRIAD_595-677
B3RX35_TRIAD_595-677
B3RX35_TRIAD_595-677
B2JAM7_NOSP7_204-278
B2JAM7_NOSP7_204-278
B2JAM7_NOSP7_204-278
B2JAM7_NOSP7_204-278
B2JAM7_NOSP7_204-278
B2JAM7_NOSP7_204-278
B3S5K6_TRIAD_69-132
B3S5K6_TRIAD_69-132
B3S5K6_TRIAD_69-132
B3SCK8_TRIAD_653-717
B3SCK8_TRIAD_653-717
B3SCK8_TRIAD_653-717
B3SCK8_TRIAD_653-717
B3QU53_CHLT3_1018-1092
B3QU53_CHLT3_1018-1092
B3QU53_CHLT3_1018-1092
B3SCQ3_TRIAD_183-259
B3SCQ3_TRIAD_183-259
B3SCQ3_TRIAD_183-259
B3SCQ3_TRIAD_183-259
B3SCQ3_TRIAD_183-259
B3RX35_TRIAD_1107-1183
B3RX35_TRIAD_1107-1183
B3RX35_TRIAD_1107-1183
B3RX35_TRIAD_1107-1183
B3RX35_TRIAD_1107-1183
B3SDY2_TRIAD_901-977
B3SDY2_TRIAD_901-977
B3SDY2_TRIAD_901-977
B3SDY2_TRIAD_901-977
B3SDY2_TRIAD_901-977
B4JKU3_DROGR_914-988
B4JKU3_DROGR_914-988
B4JKU3_DROGR_914-988
B4JKU3_DROGR_914-988
B4JKU3_DROGR_914-988
B4H6J8_DROPE_257-332
B4H6J8_DROPE_257-332
B4H6J8_DROPE_257-332
B4H6J8_DROPE_257-332
B7KHB1_CYAP7_314-390
B7KHB1_CYAP7_314-390
B7KHB1_CYAP7_314-390
B7KHB1_CYAP7_314-390
B5HD30_STRPR_554-630
B5HD30_STRPR_554-630
B5HD30_STRPR_554-630
B5HD30_STRPR_554-630
B4VUQ2_9CYAN_241-317
B4VUQ2_9CYAN_241-317
B4VUQ2_9CYAN_241-317
B4VUQ2_9CYAN_241-317
B6QA81_TALMQ_875-952
B6QA81_TALMQ_875-952
B6QA81_TALMQ_875-952
B5HD30_STRPR_431-495
B5HD30_STRPR_431-495
B5HD30_STRPR_431-495
B5HD30_STRPR_431-495
B4I5Q1_DROSE_210-290
B4I5Q1_DROSE_210-290
B7KCD1_CYAP7_408-478
B7KCD1_CYAP7_408-478
B7KCD1_CYAP7_408-478
B7KCD1_CYAP7_408-478
B7JWU4_CYAP8_647-723
B7JWU4_CYAP8_647-723
B7JWU4_CYAP8_647-723
B7JWU4_CYAP8_647-723
B7Q8K9_IXOSC_733-806
B7Q8K9_IXOSC_733-806
B7Q8K9_IXOSC_733-806
B7Q8K9_IXOSC_733-806
B7Q8K9_IXOSC_733-806
B7KCD1_CYAP7_115-190
B7KCD1_CYAP7_115-190
B7KCD1_CYAP7_115-190
B3SEX0_TRIAD_38-108
B3SEX0_TRIAD_38-108
B3SEX0_TRIAD_38-108
B3SEX0_TRIAD_38-108
B3SEX0_TRIAD_38-108
C3YLJ9_BRAFL_1052-1130
C3YLJ9_BRAFL_1052-1130
C3YLJ9_BRAFL_1052-1130
C3YLJ9_BRAFL_1052-1130
C3ZRM2_BRAFL_164-240
C3ZRM2_BRAFL_164-240
C3ZRM2_BRAFL_164-240
C3Z401_BRAFL_884-958
C3Z401_BRAFL_884-958
C3Z401_BRAFL_884-958
C3Z401_BRAFL_884-958
C0QE45_DESAH_202-280
C0QE45_DESAH_202-280
C0QE45_DESAH_202-280
C0QE45_DESAH_202-280
C0QE45_DESAH_202-280
C9YUC9_STRSW_165-240
C9YUC9_STRSW_165-240
C9YUC9_STRSW_165-240
C9YUC9_STRSW_165-240
C3Y740_BRAFL_247-325
C3Y740_BRAFL_247-325
C3Y740_BRAFL_247-325
C3Y740_BRAFL_247-325
C3Y740_BRAFL_247-325
B8MUS2_TALSN_711-786
B8MUS2_TALSN_711-786
B8MUS2_TALSN_711-786
B8MUS2_TALSN_711-786
B8MUS2_TALSN_711-786
C9ZGT0_STRSW_668-742
C9ZGT0_STRSW_668-742
C9ZGT0_STRSW_668-742
C9ZGT0_STRSW_668-742
C9ZGT0_STRSW_668-742
B8AG68_ORYSI_380-455
B8AG68_ORYSI_380-455
B8AG68_ORYSI_380-455
B8AG68_ORYSI_380-455
B8AG68_ORYSI_380-455
C3ZTD2_BRAFL_1016-1098
C3ZTD2_BRAFL_1016-1098
C3ZTD2_BRAFL_1016-1098
C3ZTD2_BRAFL_1016-1098
C3ZTD2_BRAFL_1016-1098
D4ZN65_ARTPN_117-170
D4ZN65_ARTPN_117-170
D4ZN65_ARTPN_117-170
D4ZN65_ARTPN_117-170
D3ZXP1_RAT_955-1031
D3ZXP1_RAT_955-1031
D3ZXP1_RAT_955-1031
D3ZXP1_RAT_955-1031
C5XTP9_SORBI_211-287
C5XTP9_SORBI_211-287
C5XTP9_SORBI_211-287
C5XTP9_SORBI_211-287
C5XTP9_SORBI_211-287
C9P4E1_VIBME_104-174
C9P4E1_VIBME_104-174
C9P4E1_VIBME_104-174
C9P4E1_VIBME_104-174
C9P4E1_VIBME_104-174
C9P4E1_VIBME_104-174
D4ZNC2_ARTPN_253-327
D4ZNC2_ARTPN_253-327
D4ZNC2_ARTPN_253-327
D4ZNC2_ARTPN_253-327
D5A3K2_ARTPN_971-1045
D5A3K2_ARTPN_971-1045
D5A3K2_ARTPN_971-1045
D5A3K2_ARTPN_971-1045
D3SUZ2_NATMM_103-175
D3SUZ2_NATMM_103-175
D3SUZ2_NATMM_103-175
D3SUZ2_NATMM_103-175
D3SUZ2_NATMM_103-175
D5A2F4_ARTPN_406-480
D5A2F4_ARTPN_406-480
D5A2F4_ARTPN_406-480
D5A2F4_ARTPN_406-480
D5G803_TUBMM_145-221
D5G803_TUBMM_145-221
D5G803_TUBMM_145-221
D5G803_TUBMM_145-221
C7RRN5_ACCPU_962-1038
C7RRN5_ACCPU_962-1038
C7RRN5_ACCPU_962-1038
C7RRN5_ACCPU_962-1038
C7RRN5_ACCPU_962-1038
C7RRN5_ACCPU_962-1038
C7RRN5_ACCPU_962-1038
D4A6D7_RAT_218-301
D4A6D7_RAT_218-301
D4A6D7_RAT_218-301
D4A6D7_RAT_218-301
D4A6D7_RAT_218-301
D5GHE8_TUBMM_229-304
D5GHE8_TUBMM_229-304
D5GHE8_TUBMM_229-304
D5GHE8_TUBMM_229-304
D5GHE8_TUBMM_229-304
D5G4I9_TUBMM_271-347
D5G4I9_TUBMM_271-347
D5G4I9_TUBMM_271-347
D5G4I9_TUBMM_271-347
D5G4I9_TUBMM_271-347
D5GKS7_TUBMM_230-306
D5GKS7_TUBMM_230-306
D5GKS7_TUBMM_230-306
D6X9N8_STRPR_171-245
D6X9N8_STRPR_171-245
D6X9N8_STRPR_171-245
D6X9N8_STRPR_171-245
D7BTE8_STRBB_777-851
D7BTE8_STRBB_777-851
D7BTE8_STRBB_777-851
D7BTE8_STRBB_777-851
D7BTE8_STRBB_777-851
D5GHE1_TUBMM_484-558
D5GHE1_TUBMM_484-558
D5GHE1_TUBMM_484-558
D5GHE1_TUBMM_484-558
D5GHE1_TUBMM_484-558
D5GHD8_TUBMM_103-179
D5GHD8_TUBMM_103-179
D5GHD8_TUBMM_103-179
D5GHD8_TUBMM_103-179
D5GHD8_TUBMM_103-179
E0UE69_CYAP2_449-507
E0UE69_CYAP2_449-507
E0UE69_CYAP2_449-507
E0UE69_CYAP2_449-507
D6WXC0_TRICA_391-457
D6WXC0_TRICA_391-457
D6WXC0_TRICA_391-457
D6WXC0_TRICA_391-457
D5GKS7_TUBMM_62-138
D5GKS7_TUBMM_62-138
D5GKS7_TUBMM_62-138
D5GKS7_TUBMM_62-138
D7HX50_PSESS_104-173
D7HX50_PSESS_104-173
D7HX50_PSESS_104-173
D7HX50_PSESS_104-173
D7HX50_PSESS_104-173
D7HX50_PSESS_104-173
D7HX50_PSESS_104-173
D7LAP1_ARALL_167-235
D7LAP1_ARALL_167-235
D7LAP1_ARALL_167-235
D7LAP1_ARALL_167-235
D7LAP1_ARALL_167-235
D7LAP1_ARALL_167-235
E1BSU8_CHICK_720-771
E1BSU8_CHICK_720-771
D7G6W2_ECTSI_599-673
D7G6W2_ECTSI_599-673
D7G6W2_ECTSI_599-673
D7G6W2_ECTSI_599-673
D7G6W2_ECTSI_599-673
D7G6W2_ECTSI_599-673
E2PXA3_STRC2_1001-1077
E2PXA3_STRC2_1001-1077
E2PXA3_STRC2_1001-1077
E2PXA3_STRC2_1001-1077
E2PXA3_STRC2_1001-1077
E2PXA3_STRC2_1001-1077
D8LL58_ECTSI_773-838
D8LL58_ECTSI_773-838
D8LL58_ECTSI_773-838
D8LL58_ECTSI_773-838
D8LL58_ECTSI_773-838
E2Q400_STRC2_905-979
E2Q400_STRC2_905-979
E2Q400_STRC2_905-979
E2Q400_STRC2_905-979
E2Q400_STRC2_905-979
E3FY79_STIAD_251-327
E3FY79_STIAD_251-327
D8RV76_SELML_1198-1281
D8RV76_SELML_1198-1281
D8RV76_SELML_1198-1281
D8RV76_SELML_1198-1281
E5AA72_LEPMJ_1088-1145
E5AA72_LEPMJ_1088-1145
E5AA72_LEPMJ_1088-1145
E7FE02_DANRE_825-891
E7FE02_DANRE_825-891
E7FE02_DANRE_825-891
E7FE02_DANRE_825-891
E8JKC8_9ACTO_837-906
E8JLJ0_9ACTO_714-790
E8JLJ0_9ACTO_714-790
E8JLJ0_9ACTO_714-790
E6STK6_BACT6_58-128
E6STK6_BACT6_58-128
E6STK6_BACT6_58-128
E6STK6_BACT6_58-128
E6STK6_BACT6_58-128
E2Q701_STRC2_362-438
E2Q701_STRC2_362-438
E8W3Y9_STRFA_774-846
E8W3Y9_STRFA_774-846
E8W3Y9_STRFA_774-846
E8W3Y9_STRFA_774-846
E8W3Y9_STRFA_774-846
F1NG87_CHICK_441-518
F1NG87_CHICK_441-518
F1NG87_CHICK_441-518
F1NG87_CHICK_441-518
E8W0R9_STRFA_462-532
E8W0R9_STRFA_462-532
E9J4T4_SOLIN_242-311
E9J4T4_SOLIN_242-311
E9J4T4_SOLIN_242-311
E9J4T4_SOLIN_242-311
E9J4T4_SOLIN_242-311
F2UH85_SALR5_371-431
F2UH85_SALR5_371-431
F2UH85_SALR5_371-431
F2UH85_SALR5_371-431
F2UJ47_SALR5_297-371
F2UJ47_SALR5_297-371
F2UJ47_SALR5_297-371
F0YPM8_AURAN_213-269
F0YPM8_AURAN_213-269
F0YPM8_AURAN_213-269
E8W0R9_STRFA_666-742
E8W0R9_STRFA_666-742
E8W0R9_STRFA_666-742
E8W0R9_STRFA_666-742
F2UMV0_SALR5_754-830
F2UMV0_SALR5_754-830
F2UMV0_SALR5_754-830
F2UMV0_SALR5_754-830
F2UF54_SALR5_272-349
F2UF54_SALR5_272-349
F2UF54_SALR5_272-349
F2UF54_SALR5_272-349
F2UK24_SALR5_356-429
F2UK24_SALR5_356-429
F2UK24_SALR5_356-429
F2UK24_SALR5_356-429
F2UK24_SALR5_356-429
F0Y8I8_AURAN_63-135
F0Y8I8_AURAN_63-135
F0Y8I8_AURAN_63-135
F0Y8I8_AURAN_63-135
F0Y8I8_AURAN_63-135
F1LUY5_RAT_467-535
F1LUY5_RAT_467-535
F1LUY5_RAT_467-535
F1LUY5_RAT_467-535
F2USX9_SALR5_479-537
F2USX9_SALR5_479-537
F2USX9_SALR5_479-537
F2USX9_SALR5_479-537
F4BT87_METCG_136-208
F4BT87_METCG_136-208
F4BT87_METCG_136-208
F5YCJ5_TREAZ_1012-1088
F5YCJ5_TREAZ_1012-1088
F5YCJ5_TREAZ_1012-1088
F7A7J4_HORSE_268-343
F7A7J4_HORSE_268-343
F7A7J4_HORSE_268-343
F7A7J4_HORSE_268-343
F6WT93_CALJA_337-411
F6WT93_CALJA_337-411
F6WT93_CALJA_337-411
F6WT93_CALJA_337-411
F8B1L9_FRADG_761-837
F8B1L9_FRADG_761-837
F8B1L9_FRADG_761-837
F9PN80_9ACTO_777-853
F2UN07_SALR5_727-793
F2UN07_SALR5_727-793
F2UN07_SALR5_727-793
F2UN07_SALR5_727-793
G2NBG9_STREK_480-553
G2NBG9_STREK_480-553
G2NBG9_STREK_480-553
G2NBG9_STREK_480-553
G2NBG9_STREK_480-553
G2NL64_STREK_182-256
G2NL64_STREK_182-256
G2NL64_STREK_182-256
G2NL64_STREK_182-256
F6XWH0_CANLF_357-443
F6XWH0_CANLF_357-443
F6XWH0_CANLF_357-443
F6XWH0_CANLF_357-443
G1L597_AILME_305-380
G1L597_AILME_305-380
G1L597_AILME_305-380
G1L597_AILME_305-380
F6W448_XENTR_242-309
F6W448_XENTR_242-309
F6W448_XENTR_242-309
F6W448_XENTR_242-309
G3PQT7_GASAC_157-213
G3PQT7_GASAC_157-213
G3PQT7_GASAC_157-213
G3PQT7_GASAC_157-213
G3PQT7_GASAC_157-213
G2LJX2_CHLTF_100-176
G2LJX2_CHLTF_100-176
G2LJX2_CHLTF_100-176
G2LJX2_CHLTF_100-176
G3WR47_SARHA_957-1013
G3WR47_SARHA_957-1013
G3WR47_SARHA_957-1013
G5B6F6_HETGA_256-328
G5B6F6_HETGA_256-328
G5B6F6_HETGA_256-328
G5B6F6_HETGA_256-328
G2P5U4_STRVO_521-589
G2P5U4_STRVO_521-589
G2P5U4_STRVO_521-589
G2P5U4_STRVO_521-589
G2P5U4_STRVO_521-589
G5BLL3_HETGA_380-444
G5BLL3_HETGA_380-444
G5BLL3_HETGA_380-444
G5BLL3_HETGA_380-444
G5BLL3_HETGA_380-444
G4MN93_MAGO7_817-893
G4MN93_MAGO7_817-893
G4MN93_MAGO7_817-893
G4MN93_MAGO7_817-893
G4MN93_MAGO7_817-893
G4N150_MAGO7_455-526
G4N150_MAGO7_455-526
G4N150_MAGO7_455-526
G4N150_MAGO7_455-526
G4N150_MAGO7_455-526
G3NLX0_GASAC_292-369
G3NLX0_GASAC_292-369
G3NLX0_GASAC_292-369
G3NLX0_GASAC_292-369
G8RZL0_ACTS5_655-726
G8RZL0_ACTS5_655-726
G8RZL0_ACTS5_655-726
H0W4D8_CAVPO_239-316
H0W4D8_CAVPO_239-316
H0W4D8_CAVPO_239-316
H0W4D8_CAVPO_239-316
H2JM41_STRHJ_1016-1088
H2JM41_STRHJ_1016-1088
H2JM41_STRHJ_1016-1088
H2JM41_STRHJ_1016-1088
H2JM41_STRHJ_1016-1088
G6DLR2_DANPL_201-269
G6DLR2_DANPL_201-269
G6DLR2_DANPL_201-269
G6DLR2_DANPL_201-269
G6DLR2_DANPL_201-269
H2M3C5_ORYLA_1110-1186
H2M3C5_ORYLA_1110-1186
H2M3C5_ORYLA_1110-1186
H2M3C5_ORYLA_1110-1186
H2M3C5_ORYLA_1110-1186
H9GV05_ANOCA_42-105
H9GV05_ANOCA_42-105
H9GV05_ANOCA_42-105
H9GV05_ANOCA_42-105
G7Z2E8_AZOL4_304-378
G7Z2E8_AZOL4_304-378
G7Z2E8_AZOL4_304-378
G7Z2E8_AZOL4_304-378
H2V8Y6_TAKRU_99-175
H2V8Y6_TAKRU_99-175
H2V8Y6_TAKRU_99-175
H2V8Y6_TAKRU_99-175
H2V8Y6_TAKRU_99-175
H3CKR7_TETNG_520-598
H3CKR7_TETNG_520-598
H3CKR7_TETNG_520-598
H3CKR7_TETNG_520-598
H3CKR7_TETNG_520-598
H3CKR7_TETNG_520-598
H3GMB7_PHYRM_158-231
H3GMB7_PHYRM_158-231
H3GMB7_PHYRM_158-231
H3GMB7_PHYRM_158-231
H3GMB7_PHYRM_158-231
K7IUG3_NASVI_168-230
K7IUG3_NASVI_168-230
K7IUG3_NASVI_168-230
K7IUG3_NASVI_168-230
K4IC39_PSYTT_146-223
K4IC39_PSYTT_146-223
K4IC39_PSYTT_146-223
K1R2Y6_CRAGI_450-524
K1R2Y6_CRAGI_450-524
K1R2Y6_CRAGI_450-524
K1R2Y6_CRAGI_450-524
K1R2Y6_CRAGI_450-524
H2NGW7_PONAB_676-744
H2NGW7_PONAB_676-744
H2NGW7_PONAB_676-744
H2NGW7_PONAB_676-744
H2NGW7_PONAB_676-744
H2NGW7_PONAB_676-744
I3JX19_ORENI_292-368
I3JX19_ORENI_292-368
I3JX19_ORENI_292-368
I3JX19_ORENI_292-368
H9KV07_MOUSE_814-892
H9KV07_MOUSE_814-892
H9KV07_MOUSE_814-892
H9KV07_MOUSE_814-892
H9KV07_MOUSE_814-892
H9KV07_MOUSE_814-892
K9WVB1_9NOST_361-435
K9WVB1_9NOST_361-435
K7IUG3_NASVI_60-134
K7IUG3_NASVI_60-134
K7IUG3_NASVI_60-134
K7IUG3_NASVI_60-134
K7IUG3_NASVI_60-134
K9PPX4_9CYAN_1090-1164
K9PPX4_9CYAN_1090-1164
K9PPX4_9CYAN_1090-1164
K9PPX4_9CYAN_1090-1164
K9PPX4_9CYAN_1090-1164
K9PPX4_9CYAN_1090-1164
K7LH97_SOYBN_491-565
K7LH97_SOYBN_491-565
K7LH97_SOYBN_491-565
K7LH97_SOYBN_491-565
K7LH97_SOYBN_491-565
K7LH97_SOYBN_491-565
K9ZHC2_ANACC_187-261
K9ZHC2_ANACC_187-261
K9ZHC2_ANACC_187-261
K9ZHC2_ANACC_187-261
L8G2N0_PSED2_723-792
L8G2N0_PSED2_723-792
L8G2N0_PSED2_723-792
L8G2N0_PSED2_723-792
M0RIB7_MUSAM_8-65
M0RIB7_MUSAM_8-65
I1EDL8_AMPQE_14-90
I1EDL8_AMPQE_14-90
I1EDL8_AMPQE_14-90
I1EDL8_AMPQE_14-90
I1EDL8_AMPQE_14-90
M0RID7_MUSAM_155-232
M0RID7_MUSAM_155-232
L5KVV2_PTEAL_650-717
L5KVV2_PTEAL_650-717
L5KVV2_PTEAL_650-717
L5KVV2_PTEAL_650-717
L5KVV2_PTEAL_650-717
L5KVV2_PTEAL_650-717
K3Y894_SETIT_19-95
K3Y894_SETIT_19-95
K3Y894_SETIT_19-95
K3Y894_SETIT_19-95
K3Y894_SETIT_19-95
L5LE57_MYODS_152-238
L5LE57_MYODS_152-238
L5LE57_MYODS_152-238
L5LE57_MYODS_152-238
L5LE57_MYODS_152-238
K9ZD54_ANACC_478-554
K9ZD54_ANACC_478-554
K9ZD54_ANACC_478-554
K9ZD54_ANACC_478-554
K9ZD54_ANACC_478-554
K9ZD54_ANACC_478-554
L5JQ97_PTEAL_348-419
L5JQ97_PTEAL_348-419
L5JQ97_PTEAL_348-419
L5JQ97_PTEAL_348-419
L5JQ97_PTEAL_348-419
M0SFE4_MUSAM_280-348
M0SFE4_MUSAM_280-348
M0SFE4_MUSAM_280-348
M0SFE4_MUSAM_280-348
M0SFE4_MUSAM_280-348
M0TGK6_MUSAM_63-127
M0TGK6_MUSAM_63-127
M0TGK6_MUSAM_63-127
M0TGK6_MUSAM_63-127
M0TGK6_MUSAM_63-127
M2SPX9_COCSN_637-713
M7UQN0_BOTF1_834-905
M7UQN0_BOTF1_834-905
M7UQN0_BOTF1_834-905
M7UQN0_BOTF1_834-905
M2UDM0_COCH5_820-896
M2UDM0_COCH5_820-896
M2SHM8_COCSN_719-794
M2SHM8_COCSN_719-794
M2SHM8_COCSN_719-794
M2SHM8_COCSN_719-794
M2SHM8_COCSN_719-794
N6THL1_DENPD_100-159
N6THL1_DENPD_100-159
N6THL1_DENPD_100-159
N6THL1_DENPD_100-159
N6THL1_DENPD_100-159
M7UGZ3_BOTF1_760-836
M7UGZ3_BOTF1_760-836
M4BVV7_HYAAE_54-114
M4BVV7_HYAAE_54-114
N6THL1_DENPD_207-274
N6THL1_DENPD_207-274
N6THL1_DENPD_207-274
N6THL1_DENPD_207-274
N6THL1_DENPD_207-274
N6THL1_DENPD_207-274
P0CI65_DANRE_1153-1229
P0CI65_DANRE_1153-1229
M1B0N4_SOLTU_106-176
M1B0N4_SOLTU_106-176
M1B0N4_SOLTU_106-176
M1B0N4_SOLTU_106-176
M1B0N4_SOLTU_106-176
M4BVV7_HYAAE_120-198
M4BVV7_HYAAE_120-198
M4BVV7_HYAAE_120-198
M4BVV7_HYAAE_120-198
M4BVV7_HYAAE_120-198
M4BVV7_HYAAE_120-198
Q0RTF2_FRAAA_875-935
Q0RTF2_FRAAA_875-935
M9PGT5_DROME_473-550
M9PGT5_DROME_473-550
M9PGT5_DROME_473-550
M9PGT5_DROME_473-550
Q10WM0_TRIEI_373-449
Q10WM0_TRIEI_373-449
Q10WM0_TRIEI_373-449
Q10WM0_TRIEI_373-449
Q0IHW8_XENTR_1094-1170
Q0IHW8_XENTR_1094-1170
Q0IHW8_XENTR_1094-1170
Q66H45_RAT_80-152
Q66H45_RAT_80-152
Q66H45_RAT_80-152
Q66H45_RAT_80-152
Q114U4_TRIEI_61-137
Q114U4_TRIEI_61-137
Q5BD00_EMENI_1007-1082
Q3ARE4_CHLCH_338-414
Q3ARE4_CHLCH_338-414
Q3ARE4_CHLCH_338-414
Q3ARE4_CHLCH_338-414
Q3ARE4_CHLCH_338-414
Q469D5_METBF_1009-1083
Q469D5_METBF_1009-1083
Q469D5_METBF_1009-1083
Q469D5_METBF_1009-1083
Q469D5_METBF_1009-1083
Q7PWG1_ANOGA_186-248
Q7PWG1_ANOGA_186-248
Q7PWG1_ANOGA_186-248
Q7PWG1_ANOGA_186-248
Q3J7I4_NITOC_526-598
Q3J7I4_NITOC_526-598
Q3J7I4_NITOC_526-598
Q3J7I4_NITOC_526-598
Q13702_HUMAN_204-278
Q13702_HUMAN_204-278
Q13702_HUMAN_204-278
Q13702_HUMAN_204-278
Q13702_HUMAN_204-278
Q8YR66_NOSS1_217-291
Q8YR66_NOSS1_217-291
Q8YR66_NOSS1_217-291
Q8YR66_NOSS1_217-291
Q81ZY8_STRAW_588-664
Q81ZY8_STRAW_588-664
Q81ZY8_STRAW_588-664
Q81ZY8_STRAW_588-664
Q81ZY8_STRAW_588-664
Q81ZY8_STRAW_588-664
Q117G6_TRIEI_335-417
Q117G6_TRIEI_335-417
Q117G6_TRIEI_335-417
Q7NIF7_GLOVI_183-259
Q7NIF7_GLOVI_183-259
Q7NIF7_GLOVI_183-259
Q4C9Q1_CROWT_12-85
Q4C9Q1_CROWT_12-85
Q4C9Q1_CROWT_12-85
Q4C9Q1_CROWT_12-85
Q4C9Q1_CROWT_12-85
Q4C9Q1_CROWT_12-85
Q9VB22_DROME_253-330
Q9VB22_DROME_253-330
Q9VB22_DROME_253-330
Q9VB22_DROME_253-330
Q9VB22_DROME_253-330
Q8YTD5_NOSS1_748-824
Q8YTD5_NOSS1_748-824
Q8YTD5_NOSS1_748-824
R1FLE6_EMIHU_41-114
R1FLE6_EMIHU_41-114
R1FLE6_EMIHU_41-114
R1FLE6_EMIHU_41-114
R1FLE6_EMIHU_41-114
R1F4H4_EMIHU_592-668
R1F4H4_EMIHU_592-668
Q8TQ53_METAC_187-263
Q8TQ53_METAC_187-263
Q8TQ53_METAC_187-263
Q8TQ53_METAC_187-263
Q8TQ53_METAC_187-263
R7YUY9_CONA1_631-710
R7YUY9_CONA1_631-710
S6EQD9_ZYGB2_284-355
S6EQD9_ZYGB2_284-355
S6EQD9_ZYGB2_284-355
S6EQD9_ZYGB2_284-355
R7YUY9_CONA1_839-915
R7YUY9_CONA1_839-915
S8B7I9_PENO1_470-541
S8B7I9_PENO1_470-541
S8B7I9_PENO1_470-541
S8B7I9_PENO1_470-541
S8B7I9_PENO1_470-541
T1IHN9_STRMM_157-217
T1IHN9_STRMM_157-217
T1IHN9_STRMM_157-217
S3CLW1_GLAL2_604-670
S3CLW1_GLAL2_604-670
S3CLW1_GLAL2_604-670
S3CLW1_GLAL2_604-670
Q8TKV1_METAC_434-516
Q8TKV1_METAC_434-516
Q8TKV1_METAC_434-516
Q8TKV1_METAC_434-516
Q8TKV1_METAC_434-516
S6E9G7_ZYGB2_564-639
S6E9G7_ZYGB2_564-639
S6E9G7_ZYGB2_564-639
S6E9G7_ZYGB2_564-639
S6E9G7_ZYGB2_564-639
S8E8L4_9LAMI_96-166
S8E8L4_9LAMI_96-166
S8E8L4_9LAMI_96-166
S8E8L4_9LAMI_96-166
S8E8L4_9LAMI_96-166
U1FXK4_ENDPU_1070-1146
U1FXK4_ENDPU_1070-1146
U1FXK4_ENDPU_1070-1146
T1J2M9_STRMM_428-501
T1J2M9_STRMM_428-501
T1J2M9_STRMM_428-501
T1J2M9_STRMM_428-501
T1J2M9_STRMM_428-501
S9WK74_9TRYP_560-637
S9WK74_9TRYP_560-637
S9WK74_9TRYP_560-637
S9WK74_9TRYP_560-637
S9WK74_9TRYP_560-637
U5N4W9_9BURK_432-509
U5N4W9_9BURK_432-509
U5N4W9_9BURK_432-509
U5N4W9_9BURK_432-509
U1GBM5_ENDPU_679-756
U1GBM5_ENDPU_679-756
U1GCM3_ENDPU_864-939
U1GCM3_ENDPU_864-939
U1HX97_ENDPU_903-980
U1HX97_ENDPU_903-980
U7PNI7_SPOS1_314-384
U7PNI7_SPOS1_314-384
U7PNI7_SPOS1_314-384
U7PNI7_SPOS1_314-384
U7PNI7_SPOS1_314-384
T1ITX2_STRMM_1136-1213
T1ITX2_STRMM_1136-1213
T1ITX2_STRMM_1136-1213
T1ITX2_STRMM_1136-1213
T1ITX2_STRMM_1136-1213
U6GJJ0_EIMAC_260-332
U6GJJ0_EIMAC_260-332
U6GJJ0_EIMAC_260-332
U6GJJ0_EIMAC_260-332
U6GJJ0_EIMAC_260-332
T1JC70_STRMM_429-506
T1JC70_STRMM_429-506
T1JC70_STRMM_429-506
T1JC70_STRMM_429-506
T1JC70_STRMM_429-506
V4A9J0_LOTGI_1211-1287
V4A9J0_LOTGI_1211-1287
V4A9J0_LOTGI_1211-1287
V4A9J0_LOTGI_1211-1287
V3ZJ79_LOTGI_231-301
V3ZJ79_LOTGI_231-301
V3ZJ79_LOTGI_231-301
V3ZJ79_LOTGI_231-301
V8NAP8_OPHHA_206-271
V8NAP8_OPHHA_206-271
V8NAP8_OPHHA_206-271
V8NAP8_OPHHA_206-271
W4XFM9_STRPU_418-484
W4XFM9_STRPU_418-484
W4XFM9_STRPU_418-484
W4XFM9_STRPU_418-484
W4XFM9_STRPU_418-484
W4WZU6_ATTCE_29-103
W4WZU6_ATTCE_29-103
W4WZU6_ATTCE_29-103
W4WZU6_ATTCE_29-103
W1PU76_AMBTC_340-408
W1PU76_AMBTC_340-408
W1PU76_AMBTC_340-408
W1PU76_AMBTC_340-408
V8NJG4_OPHHA_607-679
V8NJG4_OPHHA_607-679
V8NJG4_OPHHA_607-679
V8NJG4_OPHHA_607-679
V8NJG4_OPHHA_607-679
W2PXR1_PHYPN_1061-1137
W2PXR1_PHYPN_1061-1137
W2PXR1_PHYPN_1061-1137
W2PXR1_PHYPN_1061-1137
W2PXR1_PHYPN_1061-1137
W4XGI3_STRPU_857-934
W4XGI3_STRPU_857-934
W4XGI3_STRPU_857-934
W4XGI3_STRPU_857-934
W4XGI3_STRPU_857-934
W4Y0J6_STRPU_263-337
W4Y0J6_STRPU_263-337
W4Y0J6_STRPU_263-337
W4Y0J6_STRPU_263-337
W4Y0J6_STRPU_263-337
W4Y0J6_STRPU_263-337
V4KYZ1_EUTSA_346-423
V4KYZ1_EUTSA_346-423
V4KYZ1_EUTSA_346-423
V4KYZ1_EUTSA_346-423
V4KYZ1_EUTSA_346-423
W5E7D3_WHEAT_234-307
W5E7D3_WHEAT_234-307
W5E7D3_WHEAT_234-307
W5E7D3_WHEAT_234-307
W5E7D3_WHEAT_234-307
W5E7D3_WHEAT_234-307
W4KGQ1_9HOMO_296-367
W4KGQ1_9HOMO_296-367
W4KGQ1_9HOMO_296-367
W4KGQ1_9HOMO_296-367
W4KGQ1_9HOMO_296-367
W7HVF2_9PEZI_1079-1152
W7HVF2_9PEZI_1079-1152
W7HVF2_9PEZI_1079-1152
W7HVF2_9PEZI_1079-1152
W6G463_NODSP_118-196
W6G463_NODSP_118-196
W6G463_NODSP_118-196
W7MPH6_GIBM7_506-583
W7MPH6_GIBM7_506-583
W7MPH6_GIBM7_506-583
W5L1B8_ASTMX_402-476
W5L1B8_ASTMX_402-476
W5L1B8_ASTMX_402-476
W5L1B8_ASTMX_402-476
W5L1B8_ASTMX_685-759
W5L1B8_ASTMX_685-759
W5L1B8_ASTMX_685-759
W5L1B8_ASTMX_685-759
W5L1B8_ASTMX_685-759
W5GLX7_WHEAT_725-809
W5GLX7_WHEAT_725-809
W5GLX7_WHEAT_725-809
W5GLX7_WHEAT_725-809
W5GLX7_WHEAT_725-809
W9QNA1_9ROSA_208-287
W9QNA1_9ROSA_208-287
W9QNA1_9ROSA_208-287
W9RH30_9ROSA_528-594
W9RH30_9ROSA_528-594
W9RH30_9ROSA_528-594
W9RH30_9ROSA_528-594
W9RH30_9ROSA_528-594
W9RH30_9ROSA_528-594
W5L1B8_ASTMX_82-156
W5L1B8_ASTMX_82-156
W5L1B8_ASTMX_82-156
W5L1B8_ASTMX_82-156
W5L1B8_ASTMX_82-156
W5L1B8_ASTMX_82-156
W5L1B8_ASTMX_605-679
W5L1B8_ASTMX_605-679
W5L1B8_ASTMX_605-679
W5L1B8_ASTMX_605-679
W9S4H5_9ROSA_134-211
W9S4H5_9ROSA_134-211
W9S4H5_9ROSA_134-211
W9QUD4_9ROSA_323-390
W9QUD4_9ROSA_323-390
W9QUD4_9ROSA_323-390
W9QUD4_9ROSA_323-390
W9QUD4_9ROSA_323-390
W9RKQ7_9ROSA_23-89
W9RKQ7_9ROSA_23-89
W9RKQ7_9ROSA_23-89
W9RKQ7_9ROSA_23-89
W9RKQ7_9ROSA_23-89
X0BMK7_FUSOX_865-937
X0BMK7_FUSOX_865-937
X0BMK7_FUSOX_865-937
X0BMK7_FUSOX_865-937
X0BMK7_FUSOX_865-937
X6LFK5_RETFI_68-143
X6LFK5_RETFI_68-143
X6LFK5_RETFI_68-143
X6LFK5_RETFI_68-143
X6LFK5_RETFI_68-143
W9S2G5_9ROSA_297-373
W9S2G5_9ROSA_297-373
W9S2G5_9ROSA_297-373
W9S2G5_9ROSA_297-373
X6LIY4_RETFI_271-323
X6LIY4_RETFI_271-323
X6LIY4_RETFI_271-323
X6LC05_RETFI_28-103
X6LC05_RETFI_28-103
X6LC05_RETFI_28-103
X6LC05_RETFI_28-103
X6LC05_RETFI_28-103
X6LC05_RETFI_28-103
X0KDL7_FUSOX_810-878
X0KDL7_FUSOX_810-878
X0KDL7_FUSOX_810-878
X0KDL7_FUSOX_810-878
X0KDL7_FUSOX_810-878
X6L8X6_RETFI_3-65
X6L8X6_RETFI_3-65
X6L8X6_RETFI_3-65
X6L8X6_RETFI_3-65
X6L8X6_RETFI_269-345
X6L8X6_RETFI_269-345
X6L8X6_RETFI_269-345
X6L8X6_RETFI_269-345
X6LFX5_RETFI_70-146
X6LFX5_RETFI_70-146
X6LFX5_RETFI_70-146
X6LFX5_RETFI_70-146
X6LFX5_RETFI_70-146
W9S1W8_9ROSA_1221-1296
W9S1W8_9ROSA_1221-1296
W9S1W8_9ROSA_1221-1296
W9S1W8_9ROSA_1221-1296
W9S1W8_9ROSA_1221-1296
W9SPU2_9ROSA_604-680
W9SPU2_9ROSA_604-680
W9SPU2_9ROSA_604-680
W9SPU2_9ROSA_604-680
X6LIS6_RETFI_217-293
X6LIS6_RETFI_217-293
X6LIS6_RETFI_217-293
X6LIS6_RETFI_217-293
X6LIS6_RETFI_217-293
X6LIS6_RETFI_217-293
X6LJG7_RETFI_356-432
X6LJG7_RETFI_356-432
X6LJG7_RETFI_356-432
X6LJG7_RETFI_356-432
X6LJG7_RETFI_356-432
X6LJG7_RETFI_356-432
X6LJG7_RETFI_398-474
X6LJG7_RETFI_398-474
X6LJG7_RETFI_398-474
X6LJG7_RETFI_398-474
X6LJG7_RETFI_398-474
X6LPM2_RETFI_81-141
X6LPM2_RETFI_81-141
X6LPM2_RETFI_81-141
X6LPM2_RETFI_81-141
X6LQM2_RETFI_633-712
X6LQM2_RETFI_633-712
X6LQM2_RETFI_633-712
X6LQM2_RETFI_633-712
X6LML7_RETFI_127-179
X6LML7_RETFI_127-179
X6MLP9_RETFI_138-197
X6MLP9_RETFI_138-197
X6MLP9_RETFI_138-197
X6MLP9_RETFI_138-197
X6MLP9_RETFI_138-197
/var/www/html/MetaCLADE_webserver/jobs/FWtcucWSRUI_20210424/temp/PF13424.ccms.domtblout
[search_ccms_all] runtime: PF13424 CCMs 8.46
[search_hmm] runtime: PF03441 HMM 0.01
hmmsearch -T 0 --domE 1 --cpu 1 --domtblout /var/www/html/MetaCLADE_webserver/jobs/FWtcucWSRUI_20210424/temp/PF03441.ccms.domtblout /home/blachon/Documents/Tools/MetaCLADE_models/models/CCMs/PF03441.hmm.gz /var/www/html/MetaCLADE_webserver/jobs/FWtcucWSRUI_20210424/data.fa
G3J615_CORMM_348-567
G3J615_CORMM_348-567
A0KH92_AERHH_276-470
A0KH92_AERHH_276-470
A0KH92_AERHH_276-470
F4QQV1_9CAUL_96-271
F4QQV1_9CAUL_96-271
M2W8G4_GALSU_297-495
M2W8G4_GALSU_297-495
W4KF15_9HOMO_367-559
W4KF15_9HOMO_367-559
A0A0G4EUL5_9ALVE_325-524
A0A0G4EUL5_9ALVE_325-524
D8U9V0_VOLCA_559-721
D8U9V0_VOLCA_559-721
A0A0A8JHJ0_BACSX_214-414
A0A0A8JHJ0_BACSX_214-414
C3Y2F8_BRAFL_262-498
C3Y2F8_BRAFL_262-498
C3Y2F8_BRAFL_262-498
J3LAQ9_ORYBR_177-242
J3LAQ9_ORYBR_177-242
J3LAQ9_ORYBR_177-242
J3LAQ9_ORYBR_177-242
J3PE05_GAGT3_348-566
J3PE05_GAGT3_348-566
B9QZ46_LABAD_271-465
B9QZ46_LABAD_271-465
D6ZBU9_SEGRD_252-440
D6ZBU9_SEGRD_252-440
F3L3D9_9GAMM_269-463
F3L3D9_9GAMM_269-463
F3L3D9_9GAMM_269-463
E4U091_SULKY_265-454
E4U091_SULKY_265-454
G0HDK1_CORVD_291-488
G0HDK1_CORVD_291-488
A0A098DEC3_GIBZA_347-547
A0A098DEC3_GIBZA_347-547
A0A098DEC3_GIBZA_347-547
K2CE29_9BACT_1-96
K2CE29_9BACT_1-96
K2CE29_9BACT_1-96
E3F365_KETVY_274-459
E3F365_KETVY_274-459
K4KMH2_SIMAS_264-424
K4KMH2_SIMAS_264-424
C1EA54_MICSR_387-596
C1EA54_MICSR_387-596
A4AIU5_9ACTN_281-468
A4AIU5_9ACTN_281-468
A6DFN1_9BACT_263-460
A6DFN1_9BACT_263-460
A8QB38_MALGO_105-377
A8QB38_MALGO_105-377
M5DUG2_9GAMM_272-460
M5DUG2_9GAMM_272-460
A0A0H5BY34_CYBJA_342-530
A0A0H5BY34_CYBJA_342-530
R1E582_EMIHU_105-177
R1E582_EMIHU_105-177
K3YT22_SETIT_298-391
K3YT22_SETIT_298-391
E6SFH1_INTC7_257-452
E6SFH1_INTC7_257-452
A0A0C1SKN5_9ACTN_1-90
A0A0C1SKN5_9ACTN_1-90
C9P583_VIBME_267-468
C9P583_VIBME_267-468
Q2S050_SALRD_315-515
Q2S050_SALRD_315-515
I1FU17_AMPQE_338-538
I1FU17_AMPQE_338-538
Q2S3C6_SALRD_285-482
Q2S3C6_SALRD_285-482
Q31DQ9_THICR_275-471
Q31DQ9_THICR_275-471
Q31DQ9_THICR_275-471
N1QML0_SPHMS_354-531
N1QML0_SPHMS_354-531
A0A0L6ULH1_9BASI_372-538
A0A0L6ULH1_9BASI_372-538
A0A074RKL6_9HOMO_424-620
A0A074RKL6_9HOMO_424-620
Q389M9_TRYB2_313-562
Q389M9_TRYB2_313-562
M1VDQ4_CYAME_327-529
M1VDQ4_CYAME_327-529
A9RD25_PHYPA_88-172
A9RD25_PHYPA_88-172
A9RD25_PHYPA_88-172
B1Y5C9_LEPCP_266-446
B1Y5C9_LEPCP_266-446
A0A068YT42_9BURK_263-471
A0A068YT42_9BURK_263-471
A1ZF62_9BACT_300-500
A1ZF62_9BACT_300-500
E1ZUS5_CHLVA_1-88
E1ZUS5_CHLVA_1-88
E2L9Z3_MONPE_1-122
E2L9Z3_MONPE_1-122
E2L9Z3_MONPE_1-122
G0J2N4_CYCMS_67-216
G0J2N4_CYCMS_67-216
A4FH42_SACEN_257-448
A4FH42_SACEN_257-448
Q0UKK2_PHANO_289-501
Q0UKK2_PHANO_289-501
E8R5A4_ISOPI_293-484
E8R5A4_ISOPI_293-484
A0A0F9XUG5_9BACT_255-401
A0A0F9XUG5_9BACT_255-401
Q7NMI2_GLOVI_272-465
Q7NMI2_GLOVI_272-465
F9WZJ1_ZYMTI_391-586
F9WZJ1_ZYMTI_391-586
D2T2J6_ACYPI_293-500
D2T2J6_ACYPI_293-500
D2T2J6_ACYPI_293-500
C3Z8I0_BRAFL_290-490
C3Z8I0_BRAFL_290-490
C3Z8I0_BRAFL_290-490
F0RPZ8_DEIPM_267-466
F0RPZ8_DEIPM_267-466
A0A0F3K8Y1_9NEIS_266-465
A0A0F3K8Y1_9NEIS_266-465
A3JTL5_9RHOB_279-471
A3JTL5_9RHOB_279-471
R1DYM9_EMIHU_971-1062
R1DYM9_EMIHU_971-1062
R1DYM9_EMIHU_971-1062
C6XUB6_PEDHD_284-423
C6XUB6_PEDHD_284-423
S0EZH2_CHTCT_274-450
S0EZH2_CHTCT_274-450
B8NPT2_ASPFN_421-560
B8NPT2_ASPFN_421-560
K0SBV5_THAOC_321-526
K0SBV5_THAOC_321-526
K0SBV5_THAOC_321-526
A0A077HJD7_9CORY_253-454
A0A077HJD7_9CORY_253-454
F5XZG8_RAMTT_281-489
F5XZG8_RAMTT_281-489
C5J747_MYCCR_255-430
C5J747_MYCCR_255-430
M9RJ86_9RHOB_270-469
M9RJ86_9RHOB_270-469
E4X8U0_OIKDI_38-240
E4X8U0_OIKDI_38-240
Q8FRW1_COREF_293-490
Q8FRW1_COREF_293-490
A4BYR3_9FLAO_256-431
A4BYR3_9FLAO_256-431
A0A0N1BL02_9PROT_265-463
A0A0N1BL02_9PROT_265-463
A0A0N1BL02_9PROT_265-463
A0A0B5AWL1_9BACL_275-475
A0A0B5AWL1_9BACL_275-475
A0A0B5AWL1_9BACL_275-475
P61497_THET8_241-416
P61497_THET8_241-416
K9PJ09_9CYAN_295-438
K9PJ09_9CYAN_295-438
A6DP25_9BACT_68-243
A6DP25_9BACT_68-243
E4X707_OIKDI_330-426
E4X707_OIKDI_330-426
Q3IEV1_PSEHT_265-466
Q3IEV1_PSEHT_265-466
F7YUG9_9THEM_267-419
F7YUG9_9THEM_267-419
A0A0M9DVF4_9BACT_282-431
A0A0M9DVF4_9BACT_282-431
A6VUF2_MARMS_274-466
A6VUF2_MARMS_274-466
Q04449_BACPE_275-475
Q04449_BACPE_275-475
Q04449_BACPE_275-475
A0A060B7T1_9GAMM_285-467
A0A060B7T1_9GAMM_285-467
Q07YN8_SHEFN_274-473
Q07YN8_SHEFN_274-473
B2GIV6_KOCRD_267-440
B2GIV6_KOCRD_267-440
A0A0F5K2Q0_9BURK_287-517
A0A0F5K2Q0_9BURK_287-517
A0A0F3KSI9_9NEIS_265-462
A0A0F3KSI9_9NEIS_265-462
H8H2B3_DEIGI_119-309
H8H2B3_DEIGI_119-309
H8H2B3_DEIGI_119-309
A8HQI0_CHLRE_478-646
A8HQI0_CHLRE_478-646
C9SYJ8_VERA1_386-582
C9SYJ8_VERA1_386-582
B9TKL5_RICCO_109-255
B9TKL5_RICCO_109-255
B3RK18_TRIAD_284-484
B3RK18_TRIAD_284-484
B3RK18_TRIAD_284-484
A4JRC0_BURVG_298-498
A4JRC0_BURVG_298-498
A0A0N1AQ05_9SPHN_78-224
A0A0N1AQ05_9SPHN_78-224
G1X7L8_ARTOA_270-419
G1X7L8_ARTOA_270-419
Q1GUF7_SPHAL_261-454
Q1GUF7_SPHAL_261-454
D0NSW0_PHYIT_417-643
D0NSW0_PHYIT_417-643
D2V3F3_NAEGR_296-506
D2V3F3_NAEGR_296-506
R4X6Y5_TAPDE_343-532
R4X6Y5_TAPDE_343-532
A0A0L7LCE5_9NEOP_303-414
A0A0L7LCE5_9NEOP_303-414
A0A0L7LCE5_9NEOP_303-414
A0A0G4ERH9_9ALVE_336-533
A0A0G4ERH9_9ALVE_336-533
A0A0G4ERH9_9ALVE_336-533
Q0BXN5_HYPNA_274-474
Q0BXN5_HYPNA_274-474
Q0BXN5_HYPNA_274-474
B0RCH2_CLAMS_296-504
B0RCH2_CLAMS_296-504
B0RCH2_CLAMS_296-504
C4K925_THASP_328-502
C4K925_THASP_328-502
S9VU47_9TRYP_300-552
S9VU47_9TRYP_300-552
H6BQH1_EXODN_457-748
H6BQH1_EXODN_457-748
Q89AJ9_BUCBP_276-471
Q89AJ9_BUCBP_276-471
A0A0H4CE26_9ACTN_262-456
A0A0H4CE26_9ACTN_262-456
R1D8F8_EMIHU_281-487
R1D8F8_EMIHU_281-487
R1D8F8_EMIHU_281-487
Q116U8_TRIEI_279-471
Q116U8_TRIEI_279-471
A7SZ19_NEMVE_303-506
A7SZ19_NEMVE_303-506
A7HMU7_FERNB_246-433
A7HMU7_FERNB_246-433
Q9KNA8_VIBCH_273-466
Q9KNA8_VIBCH_273-466
Q9KNA8_VIBCH_273-466
X2GTX6_9BACI_271-471
X2GTX6_9BACI_271-471
B1YIW7_EXIS2_261-451
B1YIW7_EXIS2_261-451
B1YIW7_EXIS2_261-451
F0Y049_AURAN_292-504
F0Y049_AURAN_292-504
A0A0F5LET0_9RHIZ_269-469
A0A0F5LET0_9RHIZ_269-469
C7LZS4_ACIFD_246-441
C7LZS4_ACIFD_246-441
C7LZS4_ACIFD_246-441
A0A0D5ACA4_9NOCA_249-441
A0A0D5ACA4_9NOCA_249-441
A3I0F4_9BACT_68-272
A3I0F4_9BACT_68-272
E4X2Z2_OIKDI_300-507
E4X2Z2_OIKDI_300-507
E4X2Z2_OIKDI_300-507
C1F9W1_ACIC5_318-536
C1F9W1_ACIC5_318-536
R7YWS0_CONA1_375-574
R7YWS0_CONA1_375-574
R9AS07_WALI9_408-604
R9AS07_WALI9_408-604
E3L5I0_PUCGT_427-648
E3L5I0_PUCGT_427-648
E3L5I0_PUCGT_427-648
Q2N9Z0_ERYLH_263-460
Q2N9Z0_ERYLH_263-460
A4AB95_9GAMM_264-461
A4AB95_9GAMM_264-461
A4AB95_9GAMM_264-461
A0A0F3Q1D1_ORITS_300-491
A0A0F3Q1D1_ORITS_300-491
A0A0F3Q1D1_ORITS_300-491
E3T4N5_CROVB_268-470
E3T4N5_CROVB_268-470
C7P560_HALMD_272-471
C7P560_HALMD_272-471
C7P560_HALMD_272-471
Q2SQU0_HAHCH_267-466
Q2SQU0_HAHCH_267-466
A9UXR7_MONBE_296-489
A9UXR7_MONBE_296-489
A0A068NVD8_9BACT_273-473
A0A068NVD8_9BACT_273-473
R9PBV2_PSEHS_365-579
R9PBV2_PSEHS_365-579
R9PBV2_PSEHS_365-579
B1Y5D0_LEPCP_83-241
B1Y5D0_LEPCP_83-241
D7FPZ4_ECTSI_328-523
D7FPZ4_ECTSI_328-523
W7TQV2_9STRA_392-583
W7TQV2_9STRA_392-583
W7TQV2_9STRA_392-583
I0JIS9_HALH3_267-457
I0JIS9_HALH3_267-457
H8XSA6_FLAIG_284-435
H8XSA6_FLAIG_284-435
A0A0G3EH97_9BACT_269-443
A0A0G3EH97_9BACT_269-443
M4BD40_HYAAE_325-541
M4BD40_HYAAE_325-541
M4BD40_HYAAE_325-541
A0A0M9EYQ8_9HYPO_348-535
A0A0M9EYQ8_9HYPO_348-535
H1XZK4_9SPHI_291-487
H1XZK4_9SPHI_291-487
A0A0C5VIF9_9GAMM_253-445
A0A0C5VIF9_9GAMM_253-445
Q1K013_DESAC_270-470
Q1K013_DESAC_270-470
Q1K013_DESAC_270-470
A0A0D5AFY3_9NOCA_109-236
A0A0D5AFY3_9NOCA_109-236
Q5F659_NEIG1_252-430
Q5F659_NEIG1_252-430
A0A0P7XUP7_9TELE_47-258
A0A0P7XUP7_9TELE_47-258
A1UEM4_MYCSK_253-443
A1UEM4_MYCSK_253-443
A0A0M2Y2B6_9SPHI_272-405
A0A0M2Y2B6_9SPHI_272-405
A0A061GQ07_THECC_381-512
A0A061GQ07_THECC_381-512
A2R6W6_ASPNC_302-493
A2R6W6_ASPNC_302-493
A2R6W6_ASPNC_302-493
B7G0J7_PHATC_293-494
B7G0J7_PHATC_293-494
R1E582_EMIHU_173-284
R1E582_EMIHU_173-284
R1E582_EMIHU_173-284
A1SV40_PSYIN_275-478
A1SV40_PSYIN_275-478
A0LR66_ACIC1_310-486
A0LR66_ACIC1_310-486
K0SDG0_THAOC_336-517
K0SDG0_THAOC_336-517
Q28R72_JANSC_266-463
Q28R72_JANSC_266-463
Q0FFE9_9RHOB_90-320
Q0FFE9_9RHOB_90-320
A0A074ZD00_9PEZI_353-575
A0A074ZD00_9PEZI_353-575
A0A074ZD00_9PEZI_353-575
K9P846_CYAGP_251-409
K9P846_CYAGP_251-409
D8S2S6_SELML_278-432
D8S2S6_SELML_278-432
R4X8P7_TAPDE_318-541
R4X8P7_TAPDE_318-541
R4X8P7_TAPDE_318-541
W0DV50_9GAMM_110-255
W0DV50_9GAMM_110-255
D7VKM6_9SPHI_273-408
D7VKM6_9SPHI_273-408
E4PN99_MARAH_292-488
E4PN99_MARAH_292-488
I0IFI5_PHYMF_97-234
I0IFI5_PHYMF_97-234
F7VQC5_SORMK_148-374
F7VQC5_SORMK_148-374
I3CHU2_9GAMM_275-466
I3CHU2_9GAMM_275-466
I3CHU2_9GAMM_275-466
E0ML13_9RHOB_78-228
E0ML13_9RHOB_78-228
V4A2E7_LOTGI_298-500
V4A2E7_LOTGI_298-500
V4A2E7_LOTGI_298-500
E2SDH5_9ACTN_270-461
E2SDH5_9ACTN_270-461
E2SDH5_9ACTN_270-461
E8SHD6_STAPH_256-456
E8SHD6_STAPH_256-456
L1JSA3_GUITH_302-486
L1JSA3_GUITH_302-486
V4JB80_9DELT_250-429
V4JB80_9DELT_250-429
J9YYX4_9PROT_247-445
J9YYX4_9PROT_247-445
R1DR21_EMIHU_305-491
R1DR21_EMIHU_305-491
R1DR21_EMIHU_305-491
E1ZDG8_CHLVA_321-390
E1ZDG8_CHLVA_321-390
A0A0M2VD35_9GAMM_271-470
A0A0M2VD35_9GAMM_271-470
A0A0M2VD35_9GAMM_271-470
K8GNY4_9CYAN_260-452
K8GNY4_9CYAN_260-452
D0L0B8_HALNC_267-457
D0L0B8_HALNC_267-457
A0A089KVN0_9BACL_267-445
A0A089KVN0_9BACL_267-445
D5BRZ2_PUNMI_267-458
D5BRZ2_PUNMI_267-458
B8C520_THAPS_323-524
B8C520_THAPS_323-524
B8C520_THAPS_323-524
F2I1R5_PELSM_71-298
F2I1R5_PELSM_71-298
E8NE29_MICTS_275-451
E8NE29_MICTS_275-451
C5E333_LACTC_379-572
C5E333_LACTC_379-572
E2LCG5_MONPE_3-112
E2LCG5_MONPE_3-112
K0VUQ0_9RHIZ_278-316
K0VUQ0_9RHIZ_278-316
C1MT40_MICPC_293-523
C1MT40_MICPC_293-523
C1MT40_MICPC_293-523
M2X0A7_GALSU_339-539
M2X0A7_GALSU_339-539
M2X0A7_GALSU_339-539
E6M985_STALU_257-456
E6M985_STALU_257-456
E6M985_STALU_257-456
F4RLP7_MELLP_354-578
F4RLP7_MELLP_354-578
C6HVX5_9BACT_262-462
C6HVX5_9BACT_262-462
A0A0L1KMW0_9EUGL_321-522
A0A0L1KMW0_9EUGL_321-522
A0A0L1KMW0_9EUGL_321-522
S8EJB4_9LAMI_330-404
S8EJB4_9LAMI_330-404
G9MR52_HYPVG_363-543
G9MR52_HYPVG_363-543
K0SGF3_THAOC_326-531
K0SGF3_THAOC_326-531
K0SGF3_THAOC_326-531
A0A0M2VFS6_9GAMM_284-463
A0A0M2VFS6_9GAMM_284-463
D3Q002_STANL_289-436
D3Q002_STANL_289-436
Q5NMI6_ZYMMO_274-465
Q5NMI6_ZYMMO_274-465
A0A0L6UU89_9BASI_26-112
A0A0L6UU89_9BASI_26-112
W8F8I5_9BACT_291-438
W8F8I5_9BACT_291-438
A0A0F7LY20_9GAMM_267-455
A0A0F7LY20_9GAMM_267-455
B7GBN1_PHATC_375-524
B7GBN1_PHATC_375-524
Q99YX0_STRP1_261-461
Q99YX0_STRP1_261-461
Q99YX0_STRP1_261-461
D4C2H5_PRORE_277-472
D4C2H5_PRORE_277-472
D4C2H5_PRORE_277-472
M7X362_RHOT1_337-555
M7X362_RHOT1_337-555
Q18HG1_HALWD_277-473
Q18HG1_HALWD_277-473
Q18HG1_HALWD_277-473
A0A098F1C6_9BACI_254-436
A0A098F1C6_9BACI_254-436
B3RK16_TRIAD_276-476
B3RK16_TRIAD_276-476
B3RK16_TRIAD_276-476
W5L6I1_ASTMX_1-141
W5L6I1_ASTMX_1-141
W5L6I1_ASTMX_1-141
A0A0N1BAX1_9BRAD_75-221
A0A0N1BAX1_9BRAD_75-221
B7FWG0_PHATC_308-508
B7FWG0_PHATC_308-508
S9YVA0_9CETA_211-272
S9YVA0_9CETA_211-272
S9YVA0_9CETA_211-272
A0A0G3GX57_9CORY_296-472
A0A0G3GX57_9CORY_296-472
Q46JV9_PROMT_68-205
Q46JV9_PROMT_68-205
F4B1A5_DOKS4_285-483
F4B1A5_DOKS4_285-483
D7DLZ9_METV0_273-476
D7DLZ9_METV0_273-476
D7DLZ9_METV0_273-476
W5TCT1_9NOCA_262-439
W5TCT1_9NOCA_262-439
G4CTI6_9NEIS_318-510
G4CTI6_9NEIS_318-510
G4CTI6_9NEIS_318-510
A0A037UQX5_SPIME_255-429
A0A037UQX5_SPIME_255-429
A7S6B4_NEMVE_282-482
A7S6B4_NEMVE_282-482
H0QRZ6_ARTGO_278-470
H0QRZ6_ARTGO_278-470
F4H796_CELFA_254-449
F4H796_CELFA_254-449
F4H796_CELFA_254-449
M1V522_CYAME_431-630
M1V522_CYAME_431-630
M1V522_CYAME_431-630
S7ZTL7_PENO1_331-582
S7ZTL7_PENO1_331-582
S7ZTL7_PENO1_331-582
A0A0D2R832_GOSRA_303-425
A0A0D2R832_GOSRA_303-425
A1ZPZ8_9BACT_294-483
A1ZPZ8_9BACT_294-483
E7F1Z7_DANRE_252-343
E7F1Z7_DANRE_252-343
E7F1Z7_DANRE_252-343
C7NXB4_HALMD_288-483
C7NXB4_HALMD_288-483
E6W5S9_DESIS_269-464
E6W5S9_DESIS_269-464
Q9KR33_VIBCH_271-441
Q9KR33_VIBCH_271-441
B7GJF0_ANOFW_276-466
B7GJF0_ANOFW_276-466
B7GJF0_ANOFW_276-466
C1MQJ1_MICPC_262-483
C1MQJ1_MICPC_262-483
C1MQJ1_MICPC_262-483
F7ENG3_MACMU_1-93
F7ENG3_MACMU_1-93
F7ENG3_MACMU_1-93
U4KCX1_9VIBR_260-460
U4KCX1_9VIBR_260-460
U4KCX1_9VIBR_260-460
A0A0F0HAF7_9PSEU_1-104
A0A0F0HAF7_9PSEU_1-104
A0A0F0HAF7_9PSEU_1-104
B7VP55_VIBTL_287-465
B7VP55_VIBTL_287-465
A0A0D1CDQ8_USTMA_415-638
A0A0D1CDQ8_USTMA_415-638
C5BNU8_TERTT_279-443
C5BNU8_TERTT_279-443
J7L971_NOCAA_258-436
J7L971_NOCAA_258-436
Q5IFN1_OSTTA_339-539
Q5IFN1_OSTTA_339-539
D7DKT2_METV0_98-261
D7DKT2_METV0_98-261
A0A078AJK6_STYLE_349-551
A0A078AJK6_STYLE_349-551
B8HC91_ARTCA_327-475
B8HC91_ARTCA_327-475
C6WSS2_METML_98-306
C6WSS2_METML_98-306
W6KIX6_9TRYP_732-962
W6KIX6_9TRYP_732-962
E7M0W4_YEASV_255-355
E7M0W4_YEASV_255-355
A5G105_ACICJ_121-315
A5G105_ACICJ_121-315
A5G105_ACICJ_121-315
D7FPP0_ECTSI_291-491
D7FPP0_ECTSI_291-491
Q7U6U2_SYNPX_300-440
Q7U6U2_SYNPX_300-440
F4L528_HALH1_289-453
F4L528_HALH1_289-453
A0A0M0JK93_9EUKA_626-822
A0A0M0JK93_9EUKA_626-822
A0A0B1PCG1_UNCNE_351-573
A0A0B1PCG1_UNCNE_351-573
D2QG57_SPILD_318-516
D2QG57_SPILD_318-516
D2QG57_SPILD_318-516
E3KCQ9_PUCGT_363-596
E3KCQ9_PUCGT_363-596
Q8Y9E2_LISMO_258-458
Q8Y9E2_LISMO_258-458
Q8Y9E2_LISMO_258-458
F7XLX4_METZD_264-456
F7XLX4_METZD_264-456
Q4FL16_PELUB_269-469
Q4FL16_PELUB_269-469
T0LXI7_9EURY_246-438
T0LXI7_9EURY_246-438
A0A0D2S264_GOSRA_297-477
A0A0D2S264_GOSRA_297-477
G4Z6Q8_PHYSP_1-48
G4Z6Q8_PHYSP_1-48
G4Z6Q8_PHYSP_1-48
G4Z6Q8_PHYSP_1-48
W5H1R5_WHEAT_269-396
W5H1R5_WHEAT_269-396
W5H1R5_WHEAT_269-396
W5J665_ANODA_306-509
W5J665_ANODA_306-509
W5J665_ANODA_306-509
U1HUQ8_ENDPU_260-462
U1HUQ8_ENDPU_260-462
U1HUQ8_ENDPU_260-462
Q15TU1_PSEA6_282-475
Q15TU1_PSEA6_282-475
I0IKU5_LEPFC_271-471
I0IKU5_LEPFC_271-471
A0A0K6FL70_9HOMO_362-565
A0A0K6FL70_9HOMO_362-565
M1AG19_SOLTU_283-418
M1AG19_SOLTU_283-418
A4A625_9GAMM_264-427
A4A625_9GAMM_264-427
P57386_BUCAI_275-470
P57386_BUCAI_275-470
P57386_BUCAI_275-470
C0Z831_BREBN_275-475
C0Z831_BREBN_275-475
C0Z831_BREBN_275-475
A5WDG4_PSYWF_347-548
A5WDG4_PSYWF_347-548
H8K6C6_RICAG_282-473
H8K6C6_RICAG_282-473
F0SE04_PSESL_281-433
F0SE04_PSESL_281-433
U4LBA0_PYROM_412-605
U4LBA0_PYROM_412-605
C1FHX2_MICSR_297-488
C1FHX2_MICSR_297-488
C1FHX2_MICSR_297-488
B3QX58_CHLT3_272-475
B3QX58_CHLT3_272-475
A9WFL5_CHLAA_269-468
A9WFL5_CHLAA_269-468
D0MJ32_RHOM4_276-472
D0MJ32_RHOM4_276-472
D0MJ32_RHOM4_276-472
P77967_SYNY3_285-485
P77967_SYNY3_285-485
Q11W86_CYTH3_280-432
Q11W86_CYTH3_280-432
M5ECY3_MALS4_296-556
M5ECY3_MALS4_296-556
F6AEA9_PSEF1_280-467
F6AEA9_PSEF1_280-467
A8ET25_ARCB4_254-444
A8ET25_ARCB4_254-444
A0A0F6RBJ1_9GAMM_267-457
A0A0F6RBJ1_9GAMM_267-457
A9D5S2_HOEPD_279-479
A9D5S2_HOEPD_279-479
D0KYY8_HALNC_282-482
D0KYY8_HALNC_282-482
D0KYY8_HALNC_282-482
B4WMV9_9SYNE_266-455
B4WMV9_9SYNE_266-455
B4WMV9_9SYNE_266-455
A4HL82_LEIBR_300-534
A4HL82_LEIBR_300-534
G8S688_ACTS5_248-434
G8S688_ACTS5_248-434
A0A0N0K3A0_9PROT_75-216
A0A0N0K3A0_9PROT_75-216
A0A0E9M2F9_9BACT_272-420
A0A0E9M2F9_9BACT_272-420
A4CPD0_ROBBH_324-480
A4CPD0_ROBBH_324-480
I0AGX1_IGNAJ_302-483
I0AGX1_IGNAJ_302-483
S9UK27_9TRYP_292-537
S9UK27_9TRYP_292-537
A0A0B5CJX4_NEIEG_330-489
A0A0B5CJX4_NEIEG_330-489
A0A0B5CJX4_NEIEG_330-489
A0A0B5CJX4_NEIEG_330-489
Q47SJ5_THEFY_248-418
Q47SJ5_THEFY_248-418
G3Z0D5_9NEIS_257-426
G3Z0D5_9NEIS_257-426
D8U4Q6_VOLCA_338-545
D8U4Q6_VOLCA_338-545
M3TW98_9PROT_75-220
M3TW98_9PROT_75-220
A0A0M9ETS7_9HYPO_314-545
A0A0M9ETS7_9HYPO_314-545
A0A0M9ETS7_9HYPO_314-545
A5GT79_SYNR3_275-462
A5GT79_SYNR3_275-462
E4TU72_MARTH_272-470
E4TU72_MARTH_272-470
D9QP60_BRESC_79-217
D9QP60_BRESC_79-217
A0A078GA05_BRANA_114-166
A0A078GA05_BRANA_114-166
A0A078GA05_BRANA_114-166
A0A078GA05_BRANA_114-166
Q0APK4_MARMM_279-479
Q0APK4_MARMM_279-479
G4MNA1_MAGO7_169-428
G4MNA1_MAGO7_169-428
F7VFH1_9PROT_281-481
F7VFH1_9PROT_281-481
F7VFH1_9PROT_281-481
B2JAY6_NOSP7_272-466
B2JAY6_NOSP7_272-466
A3X5B8_9RHOB_271-469
A3X5B8_9RHOB_271-469
M5A1N1_9ACTN_272-439
M5A1N1_9ACTN_272-439
F0YG05_AURAN_1-73
F0YG05_AURAN_1-73
E9GSJ7_DAPPU_290-492
E9GSJ7_DAPPU_290-492
E9GSJ7_DAPPU_290-492
D2QTL3_SPILD_288-484
D2QTL3_SPILD_288-484
Q18KL9_HALWD_263-458
Q18KL9_HALWD_263-458
Q1R0D1_CHRSD_278-470
Q1R0D1_CHRSD_278-470
M1V6L5_CYAME_481-682
M1V6L5_CYAME_481-682
E8R4X7_ISOPI_109-264
E8R4X7_ISOPI_109-264
W4ZHN2_STRPU_92-158
W4ZHN2_STRPU_92-158
W4ZHN2_STRPU_92-158
A0A0M2XPQ2_9CORY_337-524
A0A0M2XPQ2_9CORY_337-524
A0A0G0A866_9BACT_32-217
A0A0G0A866_9BACT_32-217
K7MQE1_SOYBN_1-81
K7MQE1_SOYBN_1-81
K7MQE1_SOYBN_1-81
Q97VY1_SULSO_239-426
Q97VY1_SULSO_239-426
F0YDN9_AURAN_1-124
F0YDN9_AURAN_1-124
F0YDN9_AURAN_1-124
F0YDN9_AURAN_1-124
B1ZUX6_OPITP_288-490
B1ZUX6_OPITP_288-490
B1ZUX6_OPITP_288-490
K2RRG5_MACPH_1-109
K2RRG5_MACPH_1-109
K2RRG5_MACPH_1-109
K2RRG5_MACPH_1-109
A0A094C0E1_9PEZI_356-556
A0A094C0E1_9PEZI_356-556
A0A022PS46_ERYGU_285-485
A0A022PS46_ERYGU_285-485
A0A022PS46_ERYGU_285-485
C0DWF6_EIKCO_258-438
C0DWF6_EIKCO_258-438
A0A074S6C6_9HOMO_322-549
A0A074S6C6_9HOMO_322-549
A0A074S6C6_9HOMO_322-549
/var/www/html/MetaCLADE_webserver/jobs/FWtcucWSRUI_20210424/temp/PF03441.ccms.domtblout
[search_ccms_all] runtime: PF03441 CCMs 2.95
hmmsearch -T 0 --domE 1 --cpu 1 --domtblout /var/www/html/MetaCLADE_webserver/jobs/FWtcucWSRUI_20210424/temp/PF00128.ccms.domtblout /home/blachon/Documents/Tools/MetaCLADE_models/models/CCMs/PF00128.hmm.gz /var/www/html/MetaCLADE_webserver/jobs/FWtcucWSRUI_20210424/data.fa
Q6LIA8_PHOPR_196-397
Q6LIA8_PHOPR_196-397
Q6LIA8_PHOPR_196-397
I3ECD1_BACMT_253-357
A4X6F5_SALTO_93-354
A4X6F5_SALTO_93-354
H6C984_EXODN_31-396
H6C984_EXODN_31-396
C2GKP2_9CORY_27-262
C2GKP2_9CORY_27-262
I3E7L2_BACMT_66-363
I3E7L2_BACMT_66-363
F6FU68_ISOV2_33-401
F6FU68_ISOV2_33-401
E3E6C0_PAEPS_296-467
E3E6C0_PAEPS_296-467
A0A084W0S1_ANOSI_53-411
A0A084W0S1_ANOSI_53-411
D5SXZ8_PLAL2_183-540
D5SXZ8_PLAL2_183-540
C5C4R3_BEUC1_48-432
C5C4R3_BEUC1_48-432
K9WT26_9NOST_296-402
E3ED91_PAEPS_29-385
E3ED91_PAEPS_29-385
K8B8Z1_9ENTR_81-350
K8B8Z1_9ENTR_81-350
B2JLN4_BURP8_281-513
B2JLN4_BURP8_281-513
F0R0L9_BACSH_36-402
F0R0L9_BACSH_36-402
B3MFX1_DROAN_49-345
B3MFX1_DROAN_49-345
H5UTP3_9MICO_33-396
H5UTP3_9MICO_33-396
D5DQD2_BACMQ_636-860
D5DQD2_BACMQ_636-860
A0A0L0BY54_LUCCU_53-347
A0A0L0BY54_LUCCU_53-347
Q2S498_SALRD_211-361
F0RR27_DEIPM_21-250
F0RR27_DEIPM_21-250
E6U2M6_ETHHY_28-380
E6U2M6_ETHHY_28-380
G7XXP0_ASPKW_56-357
G7XXP0_ASPKW_56-357
B7KKH1_CYAP7_30-386
B7KKH1_CYAP7_30-386
Q3IL26_PSEHT_29-386
Q3IL26_PSEHT_29-386
A0A094C2S2_9PEZI_1-313
A0A094C2S2_9PEZI_1-313
C8NFP5_9LACT_22-374
C8NFP5_9LACT_22-374
D9SNE6_CLOC7_27-363
D9SNE6_CLOC7_27-363
E4ZIL4_LEPMJ_37-412
E4ZIL4_LEPMJ_37-412
B9DU10_STRU0_21-383
B9DU10_STRU0_21-383
C3WAF9_FUSMR_160-278
A0A0F5ANW4_9GAMM_35-377
F4FFE3_VERMA_113-487
F4FFE3_VERMA_113-487
A0A0K6G4J4_9HOMO_73-258
A0A0K6G4J4_9HOMO_73-258
I0YM43_9CHLO_275-409
B7KBK6_CYAP7_93-419
B7KBK6_CYAP7_93-419
Q9ADI2_STRCO_33-275
Q9ADI2_STRCO_33-275
C4ZBZ1_AGARV_32-320
C4ZBZ1_AGARV_32-320
B1ZXE6_OPITP_158-263
B1ZXE6_OPITP_158-263
A0A0A7EN36_9GAMM_55-328
A0A0A7EN36_9GAMM_55-328
F9D6T3_PREDD_41-400
F9D6T3_PREDD_41-400
S5ZYS2_9SPIO_191-328
S5ZYS2_9SPIO_191-328
D1AHZ8_SEBTE_74-345
D1AHZ8_SEBTE_74-345
B4VU68_9CYAN_22-165
B4VU68_9CYAN_22-165
A0A0F4JQC9_9ACTN_213-338
B4MQ26_DROWI_46-414
B4MQ26_DROWI_46-414
A9BF47_PETMO_178-246
F5XKB4_MICPN_176-266
A0A0F9ZWG7_TRIHA_46-411
A0A0F9ZWG7_TRIHA_46-411
A0A0K6GB04_9HOMO_66-348
A0A0K6GB04_9HOMO_66-348
A0A0F0LH48_9MICO_37-407
A0A0F0LH48_9MICO_37-407
K9ZGU5_ANACC_287-543
K9ZGU5_ANACC_287-543
H2ZR37_CIOSA_131-495
H2ZR37_CIOSA_131-495
U3TY53_9ENTR_175-297
Q13S08_BURXL_197-375
Q13S08_BURXL_197-375
A0YWQ8_LYNSP_144-259
G8S7C4_ACTS5_17-255
G8S7C4_ACTS5_17-255
B2AEF6_PODAN_60-366
B2AEF6_PODAN_60-366
I4C127_DESTA_194-327
H0TFJ2_9BRAD_23-120
Q17NM0_AEDAE_52-414
Q17NM0_AEDAE_52-414
C4IFN1_CLOBU_61-335
C4IFN1_CLOBU_61-335
A0A067Q340_9HOMO_61-362
A0A067Q340_9HOMO_61-362
R4L3Z8_9ACTN_33-118
R4L3Z8_9ACTN_33-118
Q5DZC5_VIBF1_159-296
Q0G5A9_9RHIZ_376-592
Q0G5A9_9RHIZ_376-592
Q0G5A9_9RHIZ_376-592
Q5LAN5_BACFN_518-632
K6WCG8_9ACTN_301-432
A0A0M8VN62_9ACTN_1-173
A0A0M8VN62_9ACTN_1-173
F0R5E9_BACSH_165-490
F0R5E9_BACSH_165-490
A0A067LUS3_9HOMO_72-349
A0A067LUS3_9HOMO_72-349
C9A7W4_ENTCA_25-373
C9A7W4_ENTCA_25-373
B9STY8_RICCO_421-686
Q7CTL9_AGRFC_21-377
A0A094A3G9_9PEZI_97-409
A0A094A3G9_9PEZI_97-409
A0A0M8VR72_9ACTN_65-360
A0A0M8VR72_9ACTN_65-360
J8VSP3_9SPHN_35-382
J8VSP3_9SPHN_35-382
A0A089PEK9_PLUGE_174-301
B9L230_THERP_218-360
B9L230_THERP_218-360
A0A0G4JR90_9ENTR_28-384
A0A0G4JR90_9ENTR_28-384
I5B4V2_9DELT_107-409
I5B4V2_9DELT_107-409
D3E5X6_GEOS4_190-293
B9TCF1_RICCO_26-378
B9TCF1_RICCO_26-378
A0A0F3FUK2_9LACO_183-487
A0A0F3FUK2_9LACO_183-487
F4XQX0_9CYAN_296-398
L0DL59_SINAD_31-387
L0DL59_SINAD_31-387
R5QUQ1_9FIRM_250-368
R5QUQ1_9FIRM_250-368
I5ATT4_EUBCE_37-332
I5ATT4_EUBCE_37-332
A0A0D5ZKD4_9MOLU_29-379
A0A0D5ZKD4_9MOLU_29-379
B0DKP0_LACBS_34-398
B0DKP0_LACBS_34-398
D4YUP6_9LACO_600-719
B0JGF9_MICAN_296-401
D0GM53_9FUSO_32-384
D0GM53_9FUSO_32-384
F4LQA6_TREBD_449-576
A0A0L0CMY3_LUCCU_61-429
A0A0L0CMY3_LUCCU_61-429
H6BUF7_EXODN_59-424
H6BUF7_EXODN_59-424
A9RYH5_PHYPA_276-419
A0A094A8K5_9PEZI_64-367
B9TBE7_RICCO_94-329
B9TBE7_RICCO_94-329
A0A089IIH0_9BACL_842-1076
A0A089IIH0_9BACL_842-1076
J8Q754_SACAR_32-398
J8Q754_SACAR_32-398
A0A068ST57_RHIGA_248-472
A0A068ST57_RHIGA_248-472
H9UFW9_SPIAZ_129-232
H9UFW9_SPIAZ_129-232
A9KKW0_CLOPH_171-289
E0RW19_BUTPB_40-385
E0RW19_BUTPB_40-385
A1A219_BIFAA_40-412
A1A219_BIFAA_40-412
F7V912_CLOSS_35-331
F7V912_CLOSS_35-331
F0RK49_DEIPM_39-388
F0RK49_DEIPM_39-388
G0S3E0_CHATD_106-379
G0S3E0_CHATD_106-379
A0R1B9_MYCS2_27-373
A0R1B9_MYCS2_27-373
Q88FN8_PSEPK_218-421
I0YLH8_9CHLO_371-639
I0YLH8_9CHLO_371-639
D5EXY7_PRER2_162-514
D5WMA0_BURSC_29-386
D5WMA0_BURSC_29-386
H3ZM39_THELN_23-136
F2JN70_CELLD_954-1071
F7CF16_CALJA_138-491
F7CF16_CALJA_138-491
V5WNT8_9SPIO_122-318
V5WNT8_9SPIO_122-318
V5WNT8_9SPIO_122-318
B1MY96_LEUCK_30-391
B1MY96_LEUCK_30-391
A0A0A0Z4W4_9ENTR_282-526
A0A0A0Z4W4_9ENTR_282-526
A0A0A0Z4W4_9ENTR_282-526
A0A059W600_STRA9_44-405
A0A059W600_STRA9_44-405
A4J4I5_DESRM_192-524
A4J4I5_DESRM_192-524
A9CYU8_HOEPD_30-388
A9CYU8_HOEPD_30-388
A4VY41_STRSY_540-669
A4VY41_STRSY_540-669
D3FVM2_BACPE_173-475
D3FVM2_BACPE_173-475
A0A0N5BLI7_STREA_197-278
F6FPN1_ISOV2_27-139
A0A066XHY7_COLSU_69-370
A0A066XHY7_COLSU_69-370
E3QC84_COLGM_60-358
E3QC84_COLGM_60-358
V5XD35_MYCNE_37-136
V5XD35_MYCNE_37-136
H6BQ75_EXODN_51-412
H6BQ75_EXODN_51-412
F4H2N5_CELFA_213-584
F4H2N5_CELFA_213-584
Q469L2_METBF_264-399
D9X3L5_STRVT_105-477
D9X3L5_STRVT_105-477
Q9KKS1_VIBCH_167-273
H7FSN1_9FLAO_279-461
H7FSN1_9FLAO_279-461
H7FSN1_9FLAO_279-461
Q8DPS8_STRR6_423-623
Q8DPS8_STRR6_423-623
Q8DPS8_STRR6_423-623
A4CJ41_ROBBH_130-455
A4CJ41_ROBBH_130-455
G7CM06_MYCTH_118-321
G7CM06_MYCTH_118-321
A0A087DDP8_9BIFI_32-390
A0A087DDP8_9BIFI_32-390
Q7VAQ4_PROMA_187-315
E9QIA1_DANRE_75-255
E9QIA1_DANRE_75-255
F2N9S9_CORGP_194-524
F2N9S9_CORGP_194-524
A2QB23_ASPNC_56-418
A2QB23_ASPNC_56-418
D9R1P5_CLOSW_257-559
D9R1P5_CLOSW_257-559
F4EXJ8_SELS3_173-281
A6LW96_CLOB8_210-342
A6LW96_CLOB8_210-342
A0A096P8E7_OSTTA_360-650
A0A096P8E7_OSTTA_360-650
C8PC96_9LACO_182-485
C8PC96_9LACO_182-485
M7YJL0_TRIUA_46-254
M7YJL0_TRIUA_46-254
A0A0F3KPL0_9GAMM_197-317
K0KJY5_WICCF_33-401
K0KJY5_WICCF_33-401
A0A0N4TC61_BRUPA_100-225
A0A0N4TC61_BRUPA_100-225
A0A0A0L5R6_CUCSA_42-121
S8DWV7_9LAMI_201-448
S8DWV7_9LAMI_201-448
A0A0M3DC86_9MICO_163-297
D8T706_SELML_30-112
Q1NHK3_SPHSS_82-467
Q1NHK3_SPHSS_82-467
B9XNC5_PEDPL_134-246
B9XNC5_PEDPL_134-246
C5CVH9_VARPS_201-393
C5CVH9_VARPS_201-393
A0A077FC40_9PSED_22-127
F2JI21_CELLD_19-374
F2JI21_CELLD_19-374
D3EF40_GEOS4_79-399
D3EF40_GEOS4_79-399
I8UHZ3_9BACI_500-620
F3APY4_9FIRM_32-327
F3APY4_9FIRM_32-327
B6HIZ0_PENRW_55-365
A0A0B4XEM3_9RHIZ_20-133
Q0G3B6_9RHIZ_180-304
P39118_BACSU_252-475
P39118_BACSU_252-475
P39118_BACSU_252-475
D9TCQ2_MICAI_28-388
D9TCQ2_MICAI_28-388
E3LP73_CAERE_51-366
E3LP73_CAERE_51-366
W0F1M1_9SPHI_158-357
W0F1M1_9SPHI_158-357
W0F1M1_9SPHI_158-357
D4LF66_RUMC1_34-332
D4LF66_RUMC1_34-332
G8TGM1_NIAKG_274-506
G8TGM1_NIAKG_274-506
G8TGM1_NIAKG_274-506
V5WKX3_9SPIO_126-418
V5WKX3_9SPIO_126-418
A0A0F6VZL3_9DELT_29-384
A0A0F6VZL3_9DELT_29-384
A0A067Q6X1_9HOMO_56-407
A0A067Q6X1_9HOMO_56-407
G1K108_CAEEL_112-440
G1K108_CAEEL_112-440
K9SPF5_9CYAN_184-310
D3PLX5_MEIRD_100-391
D3PLX5_MEIRD_100-391
B4SGJ8_PELPB_228-471
B4SGJ8_PELPB_228-471
A0A090N385_OSTTA_205-297
A4CBZ3_9GAMM_80-222
A4CBZ3_9GAMM_80-222
C5AJ31_BURGB_135-236
A0A0F9ZCK3_TRIHA_59-344
B1WV27_CYAA5_430-571
B1WV27_CYAA5_430-571
K9SKN4_9CYAN_48-149
K9SKN4_9CYAN_48-149
C4LAS3_TOLAT_228-612
C4LAS3_TOLAT_228-612
C1GHF5_PARBD_16-372
C1GHF5_PARBD_16-372
I6T8V6_ENTHA_25-370
I6T8V6_ENTHA_25-370
Q02CI5_SOLUE_125-230
Q02CI5_SOLUE_125-230
H2BRM3_9FLAO_69-262
H2BRM3_9FLAO_69-262
C5GBL2_AJEDR_66-369
C5GBL2_AJEDR_66-369
S4G5E8_GARVA_1019-1139
F2KWM2_PREDF_164-290
Q81AS4_BACCR_54-408
Q81AS4_BACCR_54-408
B3MFX6_DROAN_61-427
B3MFX6_DROAN_61-427
Q1IV54_KORVE_129-241
Q1IV54_KORVE_129-241
A0A0F3RSE9_9LACO_28-387
A0A0F3RSE9_9LACO_28-387
A5GTS4_SYNR3_36-326
A5GTS4_SYNR3_36-326
A6M332_CLOB8_188-497
A6M332_CLOB8_188-497
B4J5W9_DROGR_49-411
B4J5W9_DROGR_49-411
A9MM61_SALAR_198-514
A9MM61_SALAR_198-514
D0LLX5_HALO1_33-388
D0LLX5_HALO1_33-388
E6ZM59_SPORE_41-406
E6ZM59_SPORE_41-406
A0A0A2L2U3_PENIT_103-395
A0A0A2L2U3_PENIT_103-395
F2KUW2_PREDF_51-422
F2KUW2_PREDF_51-422
D7BGM9_MEISD_350-719
A0A0G4KP87_9PEZI_41-410
A0A0G4KP87_9PEZI_41-410
F6HQ64_VITVI_394-499
B3MFX8_DROAN_67-430
B3MFX8_DROAN_67-430
K7MQT1_SOYBN_419-522
G0G0V6_AMYMS_29-377
G0G0V6_AMYMS_29-377
D0LM20_HALO1_485-588
E9S7G7_RUMAL_156-256
A0A078CE61_BRANA_42-335
A0A078CE61_BRANA_42-335
C4LXE7_ENTHI_30-378
Q92U63_RHIME_130-233
Q92U63_RHIME_130-233
D3E9K1_GEOS4_734-858
D3E9K1_GEOS4_734-858
C4IJX6_CLOBU_28-379
C4IJX6_CLOBU_28-379
Q7VYK3_BORPE_16-130
B6ITX2_RHOCS_644-762
C6XB33_METGS_22-141
Q02CI3_SOLUE_20-100
Q4WFV4_ASPFU_65-370
Q4WFV4_ASPFU_65-370
Q82NJ6_STRAW_33-261
Q82NJ6_STRAW_33-261
G2THX5_BACCO_27-384
G2THX5_BACCO_27-384
F9VCC8_LACGL_28-370
F9VCC8_LACGL_28-370
B3MVE9_DROAN_57-415
B3MVE9_DROAN_57-415
A0A0A8K2Q1_9RHIZ_267-468
A0A0A8K2Q1_9RHIZ_267-468
H9UFW8_SPIAZ_31-137
Q21FR2_SACD2_103-362
Q21FR2_SACD2_103-362
E1SVG1_FERBD_72-467
E1SVG1_FERBD_72-467
A0A094BGP1_9PEZI_64-365
A0A094BGP1_9PEZI_64-365
A9H846_GLUDA_268-383
E3FQK4_STIAD_470-788
Q89YP2_BACTN_180-298
Q182L3_PEPD6_187-296
F6SIF9_ORNAN_2-85
Q21WH1_RHOFT_194-314
Q6BR20_DEBHA_37-398
Q6BR20_DEBHA_37-398
H2CDT7_9LEPT_192-305
A0A0F8B3F0_CERFI_34-391
A0A0F8B3F0_CERFI_34-391
D3E9P1_GEOS4_168-464
D3E9P1_GEOS4_168-464
T0LEX8_COLGC_35-398
T0LEX8_COLGC_35-398
Q4WI35_ASPFU_65-389
Q4WI35_ASPFU_65-389
K7S8T0_PROA4_43-414
K7S8T0_PROA4_43-414
R0G308_9BRAS_421-587
R0G308_9BRAS_421-587
R0G308_9BRAS_421-587
D4MYM9_ANAHA_158-241
C4Z5B9_EUBE2_285-499
C4Z5B9_EUBE2_285-499
C4Z5B9_EUBE2_285-499
A0A059LKG1_9CHLO_168-529
A0A059LKG1_9CHLO_168-529
Q8CZD6_OCEIH_28-375
Q8CZD6_OCEIH_28-375
A9WJB5_CHLAA_142-258
A9WJB5_CHLAA_142-258
C5AMT9_BURGB_210-564
C5AMT9_BURGB_210-564
N4VIL2_COLOR_31-385
N4VIL2_COLOR_31-385
U5S9F0_9LACT_177-484
U5S9F0_9LACT_177-484
M0VRT0_HORVD_218-346
H2Z7D3_CIOSA_173-290
D5EY33_PRER2_250-466
D5EY33_PRER2_250-466
Q7NF80_GLOVI_53-368
Q7NF80_GLOVI_53-368
K9XU32_STAC7_87-350
K9XU32_STAC7_87-350
E6JZE1_PARDN_332-570
E6JZE1_PARDN_332-570
E8U9K7_DEIML_49-365
E8U9K7_DEIML_49-365
K2D397_9BACT_17-301
K2D397_9BACT_17-301
A6L4Q7_BACV8_298-532
A6L4Q7_BACV8_298-532
A0A094I089_9PEZI_44-445
R7FT43_9FIRM_152-241
A6C608_9PLAN_88-354
A6C608_9PLAN_88-354
D2BDI6_STRRD_390-837
C1ECL9_MICSR_24-313
C1ECL9_MICSR_24-313
D9X1L9_STRVT_45-163
D5UWZ6_TSUPD_39-388
D5UWZ6_TSUPD_39-388
G9P0V7_HYPAI_59-362
G9P0V7_HYPAI_59-362
R5DZP0_9CLOT_287-588
R5DZP0_9CLOT_287-588
B4WPY1_9SYNE_23-379
B4WPY1_9SYNE_23-379
I4F5F9_MODMB_29-389
I4F5F9_MODMB_29-389
B1M4D4_METRJ_38-323
B1M4D4_METRJ_38-323
C0QYR0_BRAHW_25-376
C0QYR0_BRAHW_25-376
I0WK77_9FLAO_157-487
I0WK77_9FLAO_157-487
C4LI78_CORK4_33-137
B8N2R5_ASPFN_61-415
B8N2R5_ASPFN_61-415
D0LLA8_HALO1_188-538
D0LLA8_HALO1_188-538
Q9KZE3_STRCO_35-388
Q9KZE3_STRCO_35-388
F9X2L6_ZYMTI_22-377
F9X2L6_ZYMTI_22-377
I3ECD1_BACMT_359-583
I3ECD1_BACMT_359-583
I3ECD1_BACMT_359-583
I0I9A1_CALAS_116-380
I0I9A1_CALAS_116-380
G0RFS2_HYPJQ_33-399
G0RFS2_HYPJQ_33-399
V7B3M4_PHAVU_528-674
V7B3M4_PHAVU_528-674
A0A0J7NIM9_LASNI_51-406
A0A0J7NIM9_LASNI_51-406
A0A0J7KFW6_LASNI_9-361
A0A0J7KFW6_LASNI_9-361
F9Q147_STROR_302-427
D3BPV1_POLPA_205-321
G8UKX5_TANFA_189-508
G8UKX5_TANFA_189-508
A0A0D5ADD8_9NOCA_124-453
A0A0D5ADD8_9NOCA_124-453
C1G7L4_PARBD_99-360
C1G7L4_PARBD_99-360
C4ZDP5_AGARV_170-468
C4ZDP5_AGARV_170-468
K3YHI6_SETIT_41-340
K3YHI6_SETIT_41-340
Q6L2Z7_PICTO_31-386
Q6L2Z7_PICTO_31-386
D1CE97_THET1_219-352
D1CE97_THET1_219-352
B1V9C4_PHYAS_20-378
B1V9C4_PHYAS_20-378
G2TIS7_BACCO_25-378
G2TIS7_BACCO_25-378
H2P0S0_PONAB_42-252
H2P0S0_PONAB_42-252
C5AUQ0_METEA_32-244
C5AUQ0_METEA_32-244
F9VEI8_LACGL_29-368
F9VEI8_LACGL_29-368
P95867_SULSO_119-222
P95867_SULSO_119-222
D2Q8A5_BIFDB_85-374
D2Q8A5_BIFDB_85-374
E3MK15_CAERE_121-440
E3MK15_CAERE_121-440
D1APQ6_SEBTE_21-376
D1APQ6_SEBTE_21-376
D5P2R3_9MYCO_27-154
Q8DRA6_STRR6_729-940
Q8DRA6_STRR6_729-940
A0A0A2LAE4_PENIT_5-405
A0A0A2LAE4_PENIT_5-405
D8PT52_SCHCM_101-417
D8PT52_SCHCM_101-417
H0EU37_GLAL7_12-274
H0EU37_GLAL7_12-274
E0QSU8_9ACTO_46-420
E0QSU8_9ACTO_46-420
M4F721_BRARP_7-317
M4F721_BRARP_7-317
A0A0N0E667_9PSED_26-370
A0A0N0E667_9PSED_26-370
I0AN27_IGNAJ_45-151
I0AN27_IGNAJ_45-151
G2Z3F0_FLABF_392-719
G2Z3F0_FLABF_392-719
J2SU29_9FLAO_84-370
J2SU29_9FLAO_84-370
O84874_CHLTR_259-346
R6XR14_9BACT_24-136
R6XR14_9BACT_24-136
I0KWJ6_9ACTN_38-387
I0KWJ6_9ACTN_38-387
B7GLV0_ANOFW_173-469
B7GLV0_ANOFW_173-469
A0A0J7YZ99_STRVR_43-413
A0A0J7YZ99_STRVR_43-413
A0A0A2U435_9BACL_28-368
A0A0A2U435_9BACL_28-368
A0A024FHK2_9FLAO_69-418
D5GZY5_LACCS_27-386
D5GZY5_LACCS_27-386
G8PBA2_PEDCP_25-376
G8PBA2_PEDCP_25-376
A6AQ11_VIBCY_236-612
A6AQ11_VIBCY_236-612
F4LPV2_TREBD_28-381
F4LPV2_TREBD_28-381
C4IIS9_CLOBU_185-302
K9XPC8_STAC7_160-450
I5AU28_EUBCE_175-263
Q4WWX0_ASPFU_35-410
Q4WWX0_ASPFU_35-410
B0WKW9_CULQU_74-342
B0WKW9_CULQU_74-342
G3PHA0_GASAC_101-203
G3PHA0_GASAC_101-203
R5GW86_9FIRM_179-478
R5GW86_9FIRM_179-478
A0A089UJ44_9ENTR_177-493
A0A089UJ44_9ENTR_177-493
F2JHF7_CELLD_26-134
F2JHF7_CELLD_26-134
R6PZ21_9FIRM_182-303
D9R6R5_CLOSW_28-379
D9R6R5_CLOSW_28-379
D1CC66_THET1_33-393
D1CC66_THET1_33-393
I3LHC3_PIG_77-346
I3LHC3_PIG_77-346
Q2Y967_NITMU_287-534
Q2Y967_NITMU_287-534
Q2Y967_NITMU_287-534
A6W7J6_KINRD_230-436
A6W7J6_KINRD_230-436
/var/www/html/MetaCLADE_webserver/jobs/FWtcucWSRUI_20210424/temp/PF00128.ccms.domtblout
[search_ccms_all] runtime: PF00128 CCMs 18.62
